Started by user [8mha:////4AmLL1uWANlu3sF/fWh+KNU3/BOYYaFnGT17x9u0trZMAAAAlx+LCAAAAAAAAP9b85aBtbiIQTGjNKU4P08vOT+vOD8nVc83PyU1x6OyILUoJzMv2y+/JJUBAhiZGBgqihhk0NSjKDWzXb3RdlLBUSYGJk8GtpzUvPSSDB8G5tKinBIGIZ+sxLJE/ZzEvHT94JKizLx0a6BxUmjGOUNodHsLgAzWEgZu/dLi1CL9xJTczDwAj6GcLcAAAAA=[0madmin
 > git rev-parse --resolve-git-dir /var/lib/jenkins/caches/git-a531c5e10c9aa163db1d9caf0d181353/.git # timeout=10
Setting origin to https://github.com/kishanops/Boardgame.git
 > git config remote.origin.url https://github.com/kishanops/Boardgame.git # timeout=10
Fetching origin...
Fetching upstream changes from origin
 > git --version # timeout=10
 > git --version # 'git version 2.43.0'
 > git config --get remote.origin.url # timeout=10
using GIT_SSH to set credentials 
Verifying host key using known hosts file
[8mha:////4LRcPEihPiHPlRgOIHZM1WTqF71IHZJtORDtizMW7zg6AAAAwB+LCAAAAAAAAP9djLENwjAQRY8gGIAS0VE77ihAVDQgRVAwQRSMfYl1tuwLStZgDWgYgmEo2IFE6fjN+19fes8vTGKAhakv0VFaOIrOqnTfehUsUnV0rFbbx2t79+8EkgNMrSLNJoNxHSzDLCvzWy5tTlqeOSDpTRNg/qfbDexlMGSUADS+Kx+Gk2H2cS2lt7VGimmpqOqJTmpkUVhUxHI53KKTcrdFjEYYF1lUqhU3FfCKRc7o6AcdrEU/1AAAAA==[0mYou're using 'Known hosts file' strategy to verify ssh host keys, but your known_hosts file does not exist, please go to 'Manage Jenkins' -> 'Security' -> 'Git Host Key Verification Configuration' and configure host key verification.
 > git fetch --no-tags --force --progress -- origin +refs/heads/*:refs/remotes/origin/* # timeout=10
Seen branch in repository origin/DEV
Seen branch in repository origin/feature--2-reloaded
Seen branch in repository origin/feature-1
Seen branch in repository origin/main
Seen 4 remote branches
Obtained Jenkinsfile from dce5503ed59cc15b3a627535ca3d3971f89d439e
[8mha:////4IUwP7x+XfvfJuD0MgilBRUiQDyZ9B5JqGbIyaPpwwDYAAAAoh+LCAAAAAAAAP9tjTEOwjAQBM8BClpKHuFItIiK1krDC0x8GCfWnbEdkooX8TX+gCESFVvtrLSa5wtWKcKBo5UdUu8otU4GP9jS5Mixv3geZcdn2TIl9igbHBs2eJyx4YwwR1SwULBGaj0nRzbDRnX6rmuvydanHMu2V1A5c4MHCFXMWcf8hSnC9jqYxPTz/BXAFEIGsfuclm8zQVqFvQAAAA==[0m[Pipeline] Start of Pipeline
[8mha:////4NVuC/EXHYLnhOEteCR0wZK2icSNcJZFn0TAtdSzyQG0AAAApR+LCAAAAAAAAP9tjTEOwjAUQ3+KOrAycohUghExsUZZOEFIQkgb/d8mKe3EibgadyBQiQlLlmxL1nu+oE4RjhQdby12HpP2vA+jK4lPFLtroIm3dOGaMFGwXNpJkrGnpUrKFhaxClYC1hZ1oOTRZdiIVt1VExS65pxj2Q4CKm8GeAAThZxVzN8yR9jeRpMIf5y/AJj7DGxXvP/86jduZBmjwAAAAA==[0m[Pipeline] node
Running on [8mha:////4MEneAxgfhwI1On5k/pdMQuN3JSoEo4/w5L02W58+I1uAAAAoR+LCAAAAAAAAP9b85aBtbiIQTGjNKU4P08vOT+vOD8nVc83PyU1x6OyILUoJzMv2y+/JJUBAhiZGBgqihhk0NSjKDWzXb3RdlLBUSYGJk8GtpzUvPSSDB8G5tKinBIGIZ+sxLJE/ZzEvHT94JKizLx0a6BxUmjGOUNodHsLgAz2EgZR/eT83ILSktQifY2k0sycEt3MPE19AHHxbH3KAAAA[0mJenkins in /var/lib/jenkins/workspace/MB-JB-01_feature-1
[8mha:////4P/5CzbpD6ZafweezNxYyp3KsWC7Vm5aZbuyyqw82WBMAAAApR+LCAAAAAAAAP9tjTEOwjAUQ3+KOrAycoh0gA0xsUZZOEFIQkgb/d8mKe3EibgadyBQiQlLlmxL1nu+oE4RjhQdby12HpP2vA+jK4lPFLtroIm3dOGaMFGwXNpJkrGnpUrKFhaxClYC1hZ1oOTRZdiIVt1VExS65pxj2Q4CKm8GeAAThZxVzN8yR9jeRpMIf5y/AJj7DGxXvP/86jfoP95RwAAAAA==[0m[Pipeline] {
[8mha:////4PviMSffBKKW/IviEBQIoDk0+a9BodUaW2YYFvnaNSenAAAApR+LCAAAAAAAAP9tjTEOwjAUQ3+KOrAycoh0gQkxsUZZOEFIQkgb/d8mKe3EibgadyBQiQlLlmxL1nu+oE4RjhQdby12HpP2vA+jK4lPFLtroIm3dOGaMFGwXNpJkrGnpUrKFhaxClYC1hZ1oOTRZdiIVt1VExS65pxj2Q4CKm8GeAAThZxVzN8yR9jeRpMIf5y/AJj7DGxXvP/86jc09154wAAAAA==[0m[Pipeline] stage
[8mha:////4NAP3Vnj81vtpP3IrtCUPnvEV9eQSKFQ6WXeva4ZGot0AAAApR+LCAAAAAAAAP9tjTEOwjAUQ3+KOrAycoh0ggUxsUZZOEFIQkgb/d8mKe3EibgadyBQiQlLlmxL1nu+oE4RjhQdby12HpP2vA+jK4lPFLtroIm3dOGaMFGwXNpJkrGnpUrKFhaxClYC1hZ1oOTRZdiIVt1VExS65pxj2Q4CKm8GeAAThZxVzN8yR9jeRpMIf5y/AJj7DGxXvP/86jek7ggRwAAAAA==[0m[Pipeline] { (Declarative: Checkout SCM)
[8mha:////4JGMHP7vAikWzY6s8pngA77jYHFwECNRaS8fTDC0jGpgAAAAoh+LCAAAAAAAAP9tjTEOAiEURD9rLGwtPQTbaWGsbAmNJ0AWEZb8zwLrbuWJvJp3kLiJlZNMMm+a93rDOic4UbLcG+wdZu14DKOti0+U+lugiXu6ck2YKRguzSSpM+cFJRUDS1gDKwEbgzpQdmgLbIVXD9UGhba9lFS/o4DGdQM8gYlqLiqVL8wJdvexy4Q/z18BzLEA29ce4gfg7KmOvAAAAA==[0m[Pipeline] checkout
Selected Git installation does not exist. Using Default
The recommended git tool is: NONE
using credential Agent-Server
 > git rev-parse --resolve-git-dir /var/lib/jenkins/workspace/MB-JB-01_feature-1/.git # timeout=10
Fetching changes from the remote Git repository
 > git config remote.origin.url https://github.com/kishanops/Boardgame.git # timeout=10
Fetching without tags
Fetching upstream changes from https://github.com/kishanops/Boardgame.git
 > git --version # timeout=10
 > git --version # 'git version 2.43.0'
using GIT_SSH to set credentials 
Verifying host key using known hosts file
[8mha:////4LRcPEihPiHPlRgOIHZM1WTqF71IHZJtORDtizMW7zg6AAAAwB+LCAAAAAAAAP9djLENwjAQRY8gGIAS0VE77ihAVDQgRVAwQRSMfYl1tuwLStZgDWgYgmEo2IFE6fjN+19fes8vTGKAhakv0VFaOIrOqnTfehUsUnV0rFbbx2t79+8EkgNMrSLNJoNxHSzDLCvzWy5tTlqeOSDpTRNg/qfbDexlMGSUADS+Kx+Gk2H2cS2lt7VGimmpqOqJTmpkUVhUxHI53KKTcrdFjEYYF1lUqhU3FfCKRc7o6AcdrEU/1AAAAA==[0mYou're using 'Known hosts file' strategy to verify ssh host keys, but your known_hosts file does not exist, please go to 'Manage Jenkins' -> 'Security' -> 'Git Host Key Verification Configuration' and configure host key verification.
 > git fetch --no-tags --force --progress -- https://github.com/kishanops/Boardgame.git +refs/heads/*:refs/remotes/origin/* # timeout=10
Checking out Revision dce5503ed59cc15b3a627535ca3d3971f89d439e (feature-1)
 > git config core.sparsecheckout # timeout=10
 > git checkout -f dce5503ed59cc15b3a627535ca3d3971f89d439e # timeout=10
Commit message: "Update Jenkinsfile"
 > git rev-list --no-walk dce5503ed59cc15b3a627535ca3d3971f89d439e # timeout=10
[8mha:////4LdE+D5WvyTONgRG/sMtlxmaSC594FdFP1aSPU34FBkRAAAAoh+LCAAAAAAAAP9tjTEOAiEURD9rLGwtPQTbGRNjZUtoPAGyiLDkfxZYdytP5NW8g8RNrJxkknnTvNcb1jnBiZLl3mDvMGvHYxhtXXyi1N8CTdzTlWvCTMFwaSZJnTkvKKkYWMIaWAnYGNSBskNbYCu8eqg2KLTtpaT6HQU0rhvgCUxUc1GpfGFOsLuPXSb8ef4KYI6xADvU7j9Dg2gqvAAAAA==[0m[Pipeline] }
[8mha:////4FKeyEF73Gt482/cXCO1TXYnxQaCivJBOmIKvytwPE8EAAAAoh+LCAAAAAAAAP9tjTEOAiEURD9rLGwtPQRbWRhjZUtoPAGyiLDkfxZYdytP5NW8g8RNrJxkknnTvNcb1jnBiZLl3mDvMGvHYxhtXXyi1N8CTdzTlWvCTMFwaSZJnTkvKKkYWMIaWAnYGNSBskNbYCu8eqg2KLTtpaT6HQU0rhvgCUxUc1GpfGFOsLuPXSb8ef4KYI6xADvU7j9J+wGOvAAAAA==[0m[Pipeline] // stage
[8mha:////4CAGnAAn0goAdGIfd+6j7tRgiCAwfTWG/g88s3F2g+9eAAAAph+LCAAAAAAAAP9tjTEOwjAQBM9BKWgpeYQDEh2iorXc8AITG+PEugv2haTiRXyNPxCIRMVWOyut5vmCMic4UPKycdgGzHWQXez91ORAqb1EGmRDZ1kTZopOajdosu44oyZ2MEcUsFCwdFhHygE9w0o15m6qaNBXJ07TtldQBHuDBwg1mdkk/sKYYH3tbSb8ef4KYOwYxI6h2G4+x/INtuQqUcEAAAA=[0m[Pipeline] withEnv
[8mha:////4Em1AoyXTDJQPREe7NnTQrvU533y1QZDtnIFCNQEoJiWAAAApR+LCAAAAAAAAP9tjTEOwjAUQ3+DOrAycoiUzoiJNerCCUITQtLo/zZJSSdOxNW4Ay2VmPBg2Zas93pDGQOcKBjuNHYWY2t570czJ54pdDdPmTu68pYwkte80bkhpc9rbShpWFUw2AjYamw9RYsmwU44+ZCVl2iqSwrzdhTArBrgCYWYyUmG9C1TgP19VJHwx/kLgKlPwOrDYvXyLD8BobDcwgAAAA==[0m[Pipeline] {
[8mha:////4JI7vH2+q9j/BjvM+SvI9ISgKC+kjD41HV2IZXEfF9xRAAAAph+LCAAAAAAAAP9tjTEOwjAUQ3+LOrAycohUZUVMrFEWThCaEJJG/7dJSjpxIq7GHWipxIQHy7ZkvdcbqhjgRMEwp7GzGFvLej+aObFMobt5yszRlbWEkbxmQmdBSp/XKihpWFWUsOGw1dh6ihZNgh138iFrL9HUlxTm7cihtGqAJxR8JicZ0rdMAfb3UUXCH+cvAKY+Qdk0ix2WZ/UBbwyqm8IAAAA=[0m[Pipeline] stage
[8mha:////4NoXiNHZhjq1YVTn3RRIe0XltsylLVxtWW3YjroXX3mTAAAAph+LCAAAAAAAAP9tjTEOwjAUQ3+LOrAycohUwIiYukZZOEFoQkgb/V9+UtqJE3E17kBLJSY8WLYl673eUESGE7ETjcXWY6y96ELvpiQG4vYaaBANXURNGClYoeygyNhqqYqShUVZDisJa4t1oOjRJdjIRj90GTS68px42o4Scm/u8IRMTuSkOX3LyLC99SYS/jh/ATB2CfLdfrbD/Cw+y7kUycIAAAA=[0m[Pipeline] { (Declarative: Tool Install)
[8mha:////4EI8gN4scUJ8xFsr9DDbUQaExVMHPUt+a7blPAWPoh+zAAAApB+LCAAAAAAAAP9tjTEOwjAQBC9BFLSUPOIiBB2iSmu54QUmNsaJdWdsh6TiRXyNPxCIRMUWq51t5vmCZYpw5GixNdQ5So3D4Hs7LRw4dhfPA7Z8xoYpsTcozSBZm3pGydnAnKKEhYCVocZzcmQzrEWr7qryimx1ynH6DgJKp2/wgEJM5qxi/sIYYXPtdWL6ef4KYAwZyu3uU/vwBgq0rvS+AAAA[0m[Pipeline] tool
[8mha:////4Mbjo6YlTENkA6bE/vNyYdXXOakeNiIU34zJhKHPpAvFAAAApB+LCAAAAAAAAP9tjTEOwjAQBC9BFLSUPOIihKgQVVrLDS8wsTFOrDtjOyQVL+Jr/IFAJCq2WO1sM88XLFOEI0eLraHOUWocBt/baeHAsbt4HrDlMzZMib1BaQbJ2tQzSs4G5hQlLASsDDWekyObYS1adVeVV2SrU47TdxBQOn2DBxRiMmcV8xfGCJtrrxPTz/NXAGPIUG53n9qHN0uFte2+AAAA[0m[Pipeline] envVarsForTool
[8mha:////4C5wJwKLZDpttOlWS/UkG7XDnUA1scsjanp+0jO9MIWxAAAApR+LCAAAAAAAAP9tjTEOwjAQBC9BFLSUPOIihESDqNJabniBiY1xYt0Z2yGpeBFf4w8EIlGxxWpnm3m+YJkiHDlabA11jlLjMPjeTgsHjt3F84Atn7FhSuwNSjNI1qaeUXI2MKcoYSFgZajxnBzZDGvRqruqvCJbnXKcvoOA0ukbPKAQkzmrmL8wRthce52Yfp6/AhhDhnK7+9Q+vAGI1pjGvgAAAA==[0m[Pipeline] tool
[8mha:////4K6rtAYx9z8WLyLq/EkBC50Rt+RNcgl7fyWCL6i0UTFAAAAApR+LCAAAAAAAAP9tjTEOwjAQBC9BFLSUPOIiREGBqNJabniBiY1xYt0Z2yGpeBFf4w8EIlGxxWpnm3m+YJkiHDlabA11jlLjMPjeTgsHjt3F84Atn7FhSuwNSjNI1qaeUXI2MKcoYSFgZajxnBzZDGvRqruqvCJbnXKcvoOA0ukbPKAQkzmrmL8wRthce52Yfp6/AhhDhnK7+9Q+vAHJ54PfvgAAAA==[0m[Pipeline] envVarsForTool
[8mha:////4AFuYfzPoWDmr7YgWOFaPct3YoYU2wfWiRFmMxyV7SW8AAAApR+LCAAAAAAAAP9tjTEOwjAQBC9BFLSUPOIiRIOEqNJabniBiY1xYt0Z2yGpeBFf4w8EIlGxxWpnm3m+YJkiHDlabA11jlLjMPjeTgsHjt3F84Atn7FhSuwNSjNI1qaeUXI2MKcoYSFgZajxnBzZDGvRqruqvCJbnXKcvoOA0ukbPKAQkzmrmL8wRthce52Yfp6/AhhDyFBu95/avQFudLBjvgAAAA==[0m[Pipeline] }
[8mha:////4Aa0Gdv3WQH2HK6TIGdSRia6/jhjLv4aB1lt3z2oAFSiAAAApB+LCAAAAAAAAP9tjTEOwjAQBC9BFLSUPOIi6BCiSmu54QUmNsaJdWdsh6TiRXyNPxCIRMUWq51t5vmCZYpw5GixNdQ5So3D4Hs7LRw4dhfPA7Z8xoYpsTcozSBZm3pGydnAnKKEhYCVocZzcmQzrEWr7qryimx1ynH6DgJKp2/wgEJM5qxi/sIYYXPtdWL6ef4KYAwhQ7ndf2r3Bl2X69++AAAA[0m[Pipeline] // stage
[8mha:////4ApThOVL3XAhz5fZ+OY2hY2IWqtq9Bf8NuS7nOblpOpuAAAAph+LCAAAAAAAAP9tjTEOwjAUQ3+LOrAycoiUsiKmrlEWThCSENJG/5ckpZ04EVfjDgQqMeHBsi1Z7/mCKgY4UrCsM9g7jMqxwY82JzZR6C+eJtbRmSnCSN4wYSZB2rRLFZQMLCpKWHFYG1SeokObYMM7eZe1l2jrUwp5O3Aonb7BAwqeyUmG9C1zgO111JHwx/kLgHlIUDZNtv3u86ze+beK58IAAAA=[0m[Pipeline] withEnv
[8mha:////4IWImLnD6lEIlO/CsMMmUYtMSP8KqnCLXA47Bes3zvD9AAAAph+LCAAAAAAAAP9tjTEOwjAUQ3+LOrAycogUWBFT1ygLJwhNCGmj/8tPSjtxIq7GHWipxIQHy7ZkvdcbishwInaisdh6jLUXXejdlMRA3F4DDaKhi6gJIwUrlB0UGVstVVGysCjLYSVhbbEOFD26BBvZ6Icug0ZXnhNP21FC7s0dnpDJiZw0p28ZGba33kTCH+cvAMYuQX7Yzbafn8UHbGnGmsIAAAA=[0m[Pipeline] {
[8mha:////4Ij1klHV41oBqcbkiSML9ocn1ltJgvA3PA7h0hJJTf4GAAAAph+LCAAAAAAAAP9tjTEOwjAUQ3+DOrAycohUdEVMrFEXThCaEJJG/7dJSjpxIq7GHWipxIQHy7ZkvdcbyhjgRMFwp7GzGFvLez+aOfFMobt5ytzRlbeEkbzmjc4NKX1ea0NJw6qCwUbAVmPrKVo0CXbCyYesvERTXVKYt6MAZtUATyjETE4ypG+ZAuzvo4qEP85fAEx9AlYfFquXZ/kBAsTc3cIAAAA=[0m[Pipeline] stage
[8mha:////4KO1yTxmIxyzeJOUril5UYo5S9XtP9r2qii0jO0UY/ndAAAAph+LCAAAAAAAAP9tjTEOwjAUQ3+LOrAycohUKiNiYo2ycILQhJA0+r9NUtKJE3E17kBLJSY8WLYl673eUMUAJwqGOY2dxdha1vvRzIllCt3NU2aOrqwljOQ1EzoLUvq8VkFJw6qihA2HrcbWU7RoEuy4kw9Ze4mmvqQwb0cOpVUDPKHgMznJkL5lCrC/jyoS/jh/ATD1CcqmWeywPKsPpnFij8IAAAA=[0m[Pipeline] { (Compile)
[8mha:////4EwBo7MNzMp25hAk40E2PulHufk2E2bHT8BHSLQprswzAAAApB+LCAAAAAAAAP9tjTEOwjAQBC9BFLSUPOIiAR2iSmu54QUmNsaJdWdsh6TiRXyNPxCIRMUWq51t5vmCZYpw5GixNdQ5So3D4Hs7LRw4dhfPA7Z8xoYpsTcozSBZm3pGydnAnKKEhYCVocZzcmQzrEWr7qryimx1ynH6DgJKp2/wgEJM5qxi/sIYYXPtdWL6ef4KYAwZyu3uU/vwBrANZ3i+AAAA[0m[Pipeline] tool
[8mha:////4OGYYZNKe7bTMoUIDRzd8kbgNi0M/SQX81yKu3/8+eG7AAAApB+LCAAAAAAAAP9tjTEOwjAQBC9BFLSUPOIigagQVVrLDS8wsTFOrDtjOyQVL+Jr/IFAJCq2WO1sM88XLFOEI0eLraHOUWocBt/baeHAsbt4HrDlMzZMib1BaQbJ2tQzSs4G5hQlLASsDDWekyObYS1adVeVV2SrU47TdxBQOn2DBxRiMmcV8xfGCJtrrxPTz/NXAGPIUG53n9qHN/E8fGG+AAAA[0m[Pipeline] envVarsForTool
[8mha:////4DhQqlgjwn9H6VhXF7DQFmRIsE8TRfCITG+4xduBdtHlAAAApR+LCAAAAAAAAP9tjTEOwjAQBC9BFLSUPOIigUSDqNJabniBiY1xYt0Z2yGpeBFf4w8EIlGxxWpnm3m+YJkiHDlabA11jlLjMPjeTgsHjt3F84Atn7FhSuwNSjNI1qaeUXI2MKcoYSFgZajxnBzZDGvRqruqvCJbnXKcvoOA0ukbPKAQkzmrmL8wRthce52Yfp6/AhhDhnK7+9Q+vAEyb1FKvgAAAA==[0m[Pipeline] tool
[8mha:////4G3TAvIeBK9xqhH8Syq0v46M7yXnE7X/xawhHkNlBcsYAAAApR+LCAAAAAAAAP9tjTEOwjAQBC9BFLSUPOIiQUGBqNJabniBiY1xYt0Z2yGpeBFf4w8EIlGxxWpnm3m+YJkiHDlabA11jlLjMPjeTgsHjt3F84Atn7FhSuwNSjNI1qaeUXI2MKcoYSFgZajxnBzZDGvRqruqvCJbnXKcvoOA0ukbPKAQkzmrmL8wRthce52Yfp6/AhhDhnK7+9Q+vAFzXkpTvgAAAA==[0m[Pipeline] envVarsForTool
[8mha:////4CW3OXMzB4NKJK3B7Ax3ElwL4NZqaKZMalbOO75Ak6+TAAAAqB+LCAAAAAAAAP9tjTEOwjAUQ3+LOrAycohUggUJMXWNsnCC0ISQNvq//KS0EyfiatyBlkpMeLBsS9Z7vaGIDCdiJxqLrcdYe9GF3k1JDMTtNdAgGrqImjBSsELZQZGx1VIVJQuLshxWEtYW60DRo0uwkY1+6DJodOU58bQdJeTe3OEJmZzISXP6lpFhe+tNJPxx/gJg7BLku/1sh/lZfAClXiskwgAAAA==[0m[Pipeline] withEnv
[8mha:////4JcHK1LbKqE0FO/IEdR4RQHS+ImsDGoS5EtRR8RF0ARAAAAApx+LCAAAAAAAAP9tjTEOwjAUQ3+LOrAycohUYgIhpq5RFk4QmhDSRv+Xn5R24kRcjTvQUokJD5ZtyXqvNxSR4UTsRGOx9RhrL7rQuymJgbi9BhpEQxdRE0YKVig7KDK2WqqiZGFRlsNKwtpiHSh6dAk2stEPXQaNrjwnnrajhNybOzwhkxM5aU7fMjJsb72JhD/OXwCMXYJ8t5/tMD+LD0QKVszCAAAA[0m[Pipeline] {
[8mha:////4NkDZRetl9/8FcNEW+GiS/srGGKc1quz3ubIhO/kxH+QAAAApR+LCAAAAAAAAP9tjTEOwjAQBC9BFLSUPOKCoEIoFa3lhheYxBgn1l2wHZyKF/E1/oBFJCq2WO1sM683LIOHmr3BTlNvKTQWBzeavDCx76+OE3Z8wYYpsNModZLc6tOMkqOGOUUJCwErTY3jYMlEWItOPVTlFJnqHH3+jgJK297hCYXI5qh8/MLkYXMb28D08/wVwDREKHeHXPvt8AHN/bm5vgAAAA==[0m[Pipeline] sh
+ mvn compile
[INFO] Scanning for projects...
[INFO] 
[INFO] --------------< com.javaproject:database_service_project >--------------
[INFO] Building database_service_project 0.0.5-SNAPSHOT
[INFO] --------------------------------[ jar ]---------------------------------
[INFO] 
[INFO] --- jacoco-maven-plugin:0.8.7:prepare-agent (jacoco-initialize) @ database_service_project ---
[INFO] argLine set to -javaagent:/var/lib/jenkins/.m2/repository/org/jacoco/org.jacoco.agent/0.8.7/org.jacoco.agent-0.8.7-runtime.jar=destfile=/var/lib/jenkins/workspace/MB-JB-01_feature-1/target/jacoco.exec
[INFO] 
[INFO] --- maven-resources-plugin:3.2.0:resources (default-resources) @ database_service_project ---
[INFO] Using 'UTF-8' encoding to copy filtered resources.
[INFO] Using 'UTF-8' encoding to copy filtered properties files.
[INFO] Copying 1 resource
[INFO] Copying 19 resources
[INFO] 
[INFO] --- maven-compiler-plugin:3.8.1:compile (default-compile) @ database_service_project ---
[INFO] Nothing to compile - all classes are up to date
[INFO] ------------------------------------------------------------------------
[INFO] BUILD SUCCESS
[INFO] ------------------------------------------------------------------------
[INFO] Total time:  1.097 s
[INFO] Finished at: 2026-02-10T17:16:12Z
[INFO] ------------------------------------------------------------------------
[8mha:////4IiQYBs7cPTl2ka0XoGxKIqckLCkSLolFZeDmHL3DZtUAAAApR+LCAAAAAAAAP9tjTEOwjAQBC9BFLSUPOIioEIoFa3lhheYxBgn1l2wHZyKF/E1/oBFJCq2WO1sM683LIOHmr3BTlNvKTQWBzeavDCx76+OE3Z8wYYpsNModZLc6tOMkqOGOUUJCwErTY3jYMlEWItOPVTlFJnqHH3+jgJK297hCYXI5qh8/MLkYXMb28D08/wVwDQMEcr9Ntfu8AFSjtgYvgAAAA==[0m[Pipeline] }
[8mha:////4IOFgpiytLSF+25s26e/N7tXcpgZaa6ZevSRT8/iftFyAAAApR+LCAAAAAAAAP9tjTEOwjAQBC9BFLSUPOIihQYJUaW10vACExvjxLoztkNS8SK+xh+wiETFFqudbeb1hnUMcOJgsNc0WIqdRe9GkxdOHIar4wl7vmDHFNlpbPXUstLNgi0nDUuKElYCNpo6x9GSSbAVvXzIykky1TmF/B0FlFbd4QmFyOYkQ/rCHGB3G1Vk+nn+CmD2PkG5r3PVhw9qzEvpvgAAAA==[0m[Pipeline] // withEnv
[8mha:////4J6z7Ew/ZtgENla1KrA7mitZr892lhbTVUnMP648QDb7AAAApB+LCAAAAAAAAP9tjTEOwjAQBC9BFLSUPMKRSImoaC03vMAkh3Fi3Rnbwal4EV/jD1hEomKL1c4283rDOgY4cjBiQBotxc4K7yZTlsgcxqvjLAa+iI4pskOhMCvu8bSg4oSwpKphJWGD1DmOlkyCrRz0QzdOk2nOKZTvIKG2/R2eUMliTjqkL8wBdrepj0w/z18BzN4nqNu21L79AEfGxbW+AAAA[0m[Pipeline] }
[8mha:////4KrXTJBabcVlo72TV/6Pal4PrnTAYEbA7uVh6PgWCA99AAAApB+LCAAAAAAAAP9tjTEOwjAQBC9BFLSUPOIiBTpEldZKwwtMbIwT687YDknFi/gaf8AiEhVbrHa2mdcb1jHAiYPBXtNgKXYWvRtNXjhxGK6OJ+z5gh1TZKex1VPLSjcLtpw0LClKWAnYaOocR0smwVb08iErJ8lU5xTydxRQWnWHJxQim5MM6QtzgN1tVJHp5/krgNn7BOX+kKuuP2nGx9++AAAA[0m[Pipeline] // stage
[8mha:////4LnAM9q3AaOZ7fV+CnhIPS8oVfiNVj1OhxnazZ4vn2SsAAAAqB+LCAAAAAAAAP9tjTEOwjAUQ3+LOrAycohUgJhQJ9aoCycITQhJo/9LkpJOnIircQcClZjwYNmWrPd8QRU8NOQ1swp7g6EzbHCjzokl8v3FUWKWzqwjDOQUa1VqSarjXFuKCmYVJSw4LBV2joJBHWHFrbiL2gnU9Sn6vB04lEbe4AEFz+QofPyWycP6OspA+OP8BcA0RCi3m2y7/edZvQEO/65mwgAAAA==[0m[Pipeline] stage
[8mha:////4GsVXLHWO5LR0PATGl5YGhln7QiN2tunGrMHbFJwgH0UAAAApx+LCAAAAAAAAP9tjTEOwjAUQ3+LOrAycoh0QLAgpq5RFk4QmhDSRv+Xn5R24kRcjTvQUokJD5ZtyXqvNxSR4UTsRGOx9RhrL7rQuymJgbi9BhpEQxdRE0YKVig7KDK2WqqiZGFRlsNKwtpiHSh6dAk2stEPXQaNrjwnnrajhNybOzwhkxM5aU7fMjJsb72JhD/OXwCMXYJ8t5/tMD+LD02yRsvCAAAA[0m[Pipeline] { (Test)
[8mha:////4ITqXd+pppheajuTIIcL+DuDoLDxVWwjj/fqSs6lxlK8AAAApR+LCAAAAAAAAP9tjTEOwjAQBC9BFLSUPOJSIEGBqNJabniBiY1xYt0Z2yGpeBFf4w8EIlGxxWpnm3m+YJkiHDlabA11jlLjMPjeTgsHjt3F84Atn7FhSuwNSjNI1qaeUXI2MKcoYSFgZajxnBzZDGvRqruqvCJbnXKcvoOA0ukbPKAQkzmrmL8wRthce52Yfp6/AhhDhnK7+9Q+vAF9GxrMvgAAAA==[0m[Pipeline] tool
[8mha:////4PyTY6AIS4T7mWADdqUesP1tH/fEZpDvnCY/sryzUvHmAAAApR+LCAAAAAAAAP9tjTEOwjAQBC9BFLSUPOJSICEkRJXWcsMLTGyME+vO2A5JxYv4Gn8gEImKLVY728zzBcsU4cjRYmuoc5Qah8H3dlo4cOwungds+YwNU2JvUJpBsjb1jJKzgTlFCQsBK0ON5+TIZliLVt1V5RXZ6pTj9B0ElE7f4AGFmMxZxfyFMcLm2uvE9PP8FcAYMpTb3af24Q2yB4JLvgAAAA==[0m[Pipeline] envVarsForTool
[8mha:////4NiBUT66G0dSO96hEKsEzKJUJE/cf9B0cvyaSbpZXIAhAAAApR+LCAAAAAAAAP9tjTEOwjAQBC9BFLSUPOJSICEhRJXWcsMLTGyME+vO2A5JxYv4Gn8gEImKLVY728zzBcsU4cjRYmuoc5Qah8H3dlo4cOwungds+YwNU2JvUJpBsjb1jJKzgTlFCQsBK0ON5+TIZliLVt1V5RXZ6pTj9B0ElE7f4AGFmMxZxfyFMcLm2uvE9PP8FcAYMpTb3af24Q3zNplSvgAAAA==[0m[Pipeline] tool
[8mha:////4B6EMbcvTx16XM5sVbMnzVfBqYu7Pxe3BkSeuqX/4FYhAAAApR+LCAAAAAAAAP9tjTEOwjAQBC9BFLSUPOKCBKJBqWgtN7zAJMY4se6C7eBUvIiv8QcsIlGxxWpnm3m9YRk81OwNdpp6S6GxOLjR5IWJfX91nLDjCzZMgZ1GqZPkVp9mlBw1zClKWAhYaWocB0smwlp06qEqp8hU5+jzdxRQ2vYOTyhENkfl4xcmD5vb2Aamn+evAKYhQrk75Npvhw8/mxSGvgAAAA==[0m[Pipeline] envVarsForTool
[8mha:////4GeYXUAOYFkV9ggAin2U0Sn1AzEONmK4ioihQrwHpAiTAAAAqB+LCAAAAAAAAP9tjTEOwjAUQ3+LOrAycohUCMSCOrFGXThBaEJIGv1fkpR04kRcjTsQqMSEB8u2ZL3nC6rgoSGvmVXYGwydYYMbdU4ske8vjhKzdGYdYSCnWKtSS1Id59pSVDCrKGHBYamwcxQM6ggrbsVd1E6grk/R5+3AoTTyBg8oeCZH4eO3TB7W11EGwh/nLwCmIUK53WfbbT7P6g162gaKwgAAAA==[0m[Pipeline] withEnv
[8mha:////4Cl7uAxJviThmCOTkMZ2tlQ7g2yqhBy1ZGvaS4K5neEQAAAApx+LCAAAAAAAAP9tjTEOwjAUQ3+LOrAycohUIDbE1DXKwglCE0La6P/yk9JOnIircQdaKjHhwbItWe/1hiIynIidaCy2HmPtRRd6NyUxELfXQINo6CJqwkjBCmUHRcZWS1WULCzKclhJWFusA0WPLsFGNvqhy6DRlefE03aUkHtzhydkciInzelbRobtrTeR8Mf5C4CxS5AfdrPt52fxAdhUMVHCAAAA[0m[Pipeline] {
[8mha:////4HDhj/q+8XgyQdcQh8i8c/b1gX5UFYTJ1VANxBxieX0+AAAApB+LCAAAAAAAAP9tjTEOwjAQBC9BFLSUPOIiAR2iSmu54QUmNsaJdWdsh6TiRXyNPxCIRMUWq51t5vmCZYpw5GixNdQ5So3D4Hs7LRw4dhfPA7Z8xoYpsTcozSBZm3pGydnAnKKEhYCVocZzcmQzrEWr7qryimx1ynH6DgJKp2/wgEJM5qxi/sIYYXPtdWL6ef4KYAwZyv32U7vwBvbls1O+AAAA[0m[Pipeline] sh
+ mvn test
[INFO] Scanning for projects...
[INFO] 
[INFO] --------------< com.javaproject:database_service_project >--------------
[INFO] Building database_service_project 0.0.5-SNAPSHOT
[INFO] --------------------------------[ jar ]---------------------------------
[INFO] 
[INFO] --- jacoco-maven-plugin:0.8.7:prepare-agent (jacoco-initialize) @ database_service_project ---
[INFO] argLine set to -javaagent:/var/lib/jenkins/.m2/repository/org/jacoco/org.jacoco.agent/0.8.7/org.jacoco.agent-0.8.7-runtime.jar=destfile=/var/lib/jenkins/workspace/MB-JB-01_feature-1/target/jacoco.exec
[INFO] 
[INFO] --- maven-resources-plugin:3.2.0:resources (default-resources) @ database_service_project ---
[INFO] Using 'UTF-8' encoding to copy filtered resources.
[INFO] Using 'UTF-8' encoding to copy filtered properties files.
[INFO] Copying 1 resource
[INFO] Copying 19 resources
[INFO] 
[INFO] --- maven-compiler-plugin:3.8.1:compile (default-compile) @ database_service_project ---
[INFO] Nothing to compile - all classes are up to date
[INFO] 
[INFO] --- maven-resources-plugin:3.2.0:testResources (default-testResources) @ database_service_project ---
[INFO] Using 'UTF-8' encoding to copy filtered resources.
[INFO] Using 'UTF-8' encoding to copy filtered properties files.
[INFO] skip non existing resourceDirectory /var/lib/jenkins/workspace/MB-JB-01_feature-1/src/test/resources
[INFO] 
[INFO] --- maven-compiler-plugin:3.8.1:testCompile (default-testCompile) @ database_service_project ---
[INFO] Nothing to compile - all classes are up to date
[INFO] 
[INFO] --- maven-surefire-plugin:2.22.2:test (default-test) @ database_service_project ---
[INFO] 
[INFO] -------------------------------------------------------
[INFO]  T E S T S
[INFO] -------------------------------------------------------
[INFO] Running com.javaproject.TestDatabase
17:16:15.869 [main] DEBUG org.springframework.test.context.BootstrapUtils - Instantiating CacheAwareContextLoaderDelegate from class [org.springframework.test.context.cache.DefaultCacheAwareContextLoaderDelegate]
17:16:15.881 [main] DEBUG org.springframework.test.context.BootstrapUtils - Instantiating BootstrapContext using constructor [public org.springframework.test.context.support.DefaultBootstrapContext(java.lang.Class,org.springframework.test.context.CacheAwareContextLoaderDelegate)]
17:16:15.929 [main] DEBUG org.springframework.test.context.BootstrapUtils - Instantiating TestContextBootstrapper for test class [com.javaproject.TestDatabase] from class [org.springframework.boot.test.context.SpringBootTestContextBootstrapper]
17:16:15.947 [main] INFO org.springframework.boot.test.context.SpringBootTestContextBootstrapper - Neither @ContextConfiguration nor @ContextHierarchy found for test class [com.javaproject.TestDatabase], using SpringBootContextLoader
17:16:15.954 [main] DEBUG org.springframework.test.context.support.AbstractContextLoader - Did not detect default resource location for test class [com.javaproject.TestDatabase]: class path resource [com/javaproject/TestDatabase-context.xml] does not exist
17:16:15.955 [main] DEBUG org.springframework.test.context.support.AbstractContextLoader - Did not detect default resource location for test class [com.javaproject.TestDatabase]: class path resource [com/javaproject/TestDatabaseContext.groovy] does not exist
17:16:15.956 [main] INFO org.springframework.test.context.support.AbstractContextLoader - Could not detect default resource locations for test class [com.javaproject.TestDatabase]: no resource found for suffixes {-context.xml, Context.groovy}.
17:16:15.957 [main] INFO org.springframework.test.context.support.AnnotationConfigContextLoaderUtils - Could not detect default configuration classes for test class [com.javaproject.TestDatabase]: TestDatabase does not declare any static, non-private, non-final, nested classes annotated with @Configuration.
17:16:16.025 [main] DEBUG org.springframework.test.context.support.ActiveProfilesUtils - Could not find an 'annotation declaring class' for annotation type [org.springframework.test.context.ActiveProfiles] and class [com.javaproject.TestDatabase]
17:16:16.089 [main] DEBUG org.springframework.context.annotation.ClassPathScanningCandidateComponentProvider - Identified candidate component class: file [/var/lib/jenkins/workspace/MB-JB-01_feature-1/target/classes/com/javaproject/DatabaseServiceProjectApplication.class]
17:16:16.090 [main] INFO org.springframework.boot.test.context.SpringBootTestContextBootstrapper - Found @SpringBootConfiguration com.javaproject.DatabaseServiceProjectApplication for test class com.javaproject.TestDatabase
17:16:16.205 [main] DEBUG org.springframework.boot.test.context.SpringBootTestContextBootstrapper - @TestExecutionListeners is not present for class [com.javaproject.TestDatabase]: using defaults.
17:16:16.206 [main] INFO org.springframework.boot.test.context.SpringBootTestContextBootstrapper - Loaded default TestExecutionListener class names from location [META-INF/spring.factories]: [org.springframework.boot.test.mock.mockito.MockitoTestExecutionListener, org.springframework.boot.test.mock.mockito.ResetMocksTestExecutionListener, org.springframework.boot.test.autoconfigure.restdocs.RestDocsTestExecutionListener, org.springframework.boot.test.autoconfigure.web.client.MockRestServiceServerResetTestExecutionListener, org.springframework.boot.test.autoconfigure.web.servlet.MockMvcPrintOnlyOnFailureTestExecutionListener, org.springframework.boot.test.autoconfigure.web.servlet.WebDriverTestExecutionListener, org.springframework.boot.test.autoconfigure.webservices.client.MockWebServiceServerTestExecutionListener, org.springframework.test.context.web.ServletTestExecutionListener, org.springframework.test.context.support.DirtiesContextBeforeModesTestExecutionListener, org.springframework.test.context.event.ApplicationEventsTestExecutionListener, org.springframework.test.context.support.DependencyInjectionTestExecutionListener, org.springframework.test.context.support.DirtiesContextTestExecutionListener, org.springframework.test.context.transaction.TransactionalTestExecutionListener, org.springframework.test.context.jdbc.SqlScriptsTestExecutionListener, org.springframework.test.context.event.EventPublishingTestExecutionListener, org.springframework.security.test.context.support.WithSecurityContextTestExecutionListener, org.springframework.security.test.context.support.ReactorContextTestExecutionListener]
17:16:16.229 [main] INFO org.springframework.boot.test.context.SpringBootTestContextBootstrapper - Using TestExecutionListeners: [org.springframework.test.context.web.ServletTestExecutionListener@6150afc6, org.springframework.test.context.support.DirtiesContextBeforeModesTestExecutionListener@49f50c8f, org.springframework.test.context.event.ApplicationEventsTestExecutionListener@46e6458d, org.springframework.boot.test.mock.mockito.MockitoTestExecutionListener@6297cb4b, org.springframework.boot.test.autoconfigure.SpringBootDependencyInjectionTestExecutionListener@65d6640, org.springframework.test.context.support.DirtiesContextTestExecutionListener@672d8370, org.springframework.test.context.transaction.TransactionalTestExecutionListener@13137835, org.springframework.test.context.jdbc.SqlScriptsTestExecutionListener@4f82248f, org.springframework.test.context.event.EventPublishingTestExecutionListener@22002459, org.springframework.security.test.context.support.WithSecurityContextTestExecutionListener@29bd056a, org.springframework.security.test.context.support.ReactorContextTestExecutionListener@21e702b8, org.springframework.boot.test.mock.mockito.ResetMocksTestExecutionListener@7f1fec57, org.springframework.boot.test.autoconfigure.restdocs.RestDocsTestExecutionListener@5c9e3d01, org.springframework.boot.test.autoconfigure.web.client.MockRestServiceServerResetTestExecutionListener@1dc9f5ad, org.springframework.boot.test.autoconfigure.web.servlet.MockMvcPrintOnlyOnFailureTestExecutionListener@4a2d66e, org.springframework.boot.test.autoconfigure.web.servlet.WebDriverTestExecutionListener@4dffff9, org.springframework.boot.test.autoconfigure.webservices.client.MockWebServiceServerTestExecutionListener@2904bc56]
17:16:16.234 [main] DEBUG org.springframework.test.context.support.AbstractDirtiesContextTestExecutionListener - Before test class: context [DefaultTestContext@2d3c501b testClass = TestDatabase, testInstance = [null], testMethod = [null], testException = [null], mergedContextConfiguration = [WebMergedContextConfiguration@7b8cb283 testClass = TestDatabase, locations = '{}', classes = '{class com.javaproject.DatabaseServiceProjectApplication}', contextInitializerClasses = '[]', activeProfiles = '{}', propertySourceLocations = '{}', propertySourceProperties = '{org.springframework.boot.test.context.SpringBootTestContextBootstrapper=true}', contextCustomizers = set[[ImportsContextCustomizer@38b54694 key = [org.springframework.boot.test.autoconfigure.web.servlet.MockMvcAutoConfiguration, org.springframework.boot.test.autoconfigure.web.servlet.MockMvcWebClientAutoConfiguration, org.springframework.boot.test.autoconfigure.web.servlet.MockMvcWebDriverAutoConfiguration, org.springframework.boot.autoconfigure.security.oauth2.client.servlet.OAuth2ClientAutoConfiguration, org.springframework.boot.autoconfigure.security.oauth2.resource.servlet.OAuth2ResourceServerAutoConfiguration, org.springframework.boot.autoconfigure.security.servlet.SecurityAutoConfiguration, org.springframework.boot.autoconfigure.security.servlet.SecurityFilterAutoConfiguration, org.springframework.boot.autoconfigure.security.servlet.UserDetailsServiceAutoConfiguration, org.springframework.boot.test.autoconfigure.web.servlet.MockMvcSecurityConfiguration]], org.springframework.boot.test.context.filter.ExcludeFilterContextCustomizer@6909f6be, org.springframework.boot.test.json.DuplicateJsonObjectContextCustomizerFactory$DuplicateJsonObjectContextCustomizer@764b14b8, org.springframework.boot.test.mock.mockito.MockitoContextCustomizer@0, org.springframework.boot.test.web.client.TestRestTemplateContextCustomizer@515b9d4a, org.springframework.boot.test.autoconfigure.actuate.metrics.MetricsExportContextCustomizerFactory$DisableMetricExportContextCustomizer@43471a7e, org.springframework.boot.test.autoconfigure.properties.PropertyMappingContextCustomizer@4b3fa0b3, org.springframework.boot.test.autoconfigure.web.servlet.WebDriverContextCustomizerFactory$Customizer@27585351, org.springframework.boot.test.context.SpringBootTestArgs@1, org.springframework.boot.test.context.SpringBootTestWebEnvironment@7cbee484], resourceBasePath = 'src/main/webapp', contextLoader = 'org.springframework.boot.test.context.SpringBootContextLoader', parent = [null]], attributes = map['org.springframework.test.context.web.ServletTestExecutionListener.activateListener' -> true]], class annotated with @DirtiesContext [false] with mode [null].
17:16:16.269 [main] DEBUG org.springframework.test.context.support.TestPropertySourceUtils - Adding inlined properties to environment: {spring.jmx.enabled=false, org.springframework.boot.test.context.SpringBootTestContextBootstrapper=true}

  .   ____          _            __ _ _
 /\\ / ___'_ __ _ _(_)_ __  __ _ \ \ \ \
( ( )\___ | '_ | '_| | '_ \/ _` | \ \ \ \
 \\/  ___)| |_)| | | | | || (_| |  ) ) ) )
  '  |____| .__|_| |_|_| |_\__, | / / / /
 =========|_|==============|___/=/_/_/_/
 :: Spring Boot ::                (v2.5.6)

2026-02-10 17:16:16.586  INFO 84399 --- [           main] com.javaproject.TestDatabase             : Starting TestDatabase using Java 11.0.30 on jenkins-server with PID 84399 (started by jenkins in /var/lib/jenkins/workspace/MB-JB-01_feature-1)
2026-02-10 17:16:16.592  INFO 84399 --- [           main] com.javaproject.TestDatabase             : No active profile set, falling back to default profiles: default
2026-02-10 17:16:17.366  INFO 84399 --- [           main] .s.d.r.c.RepositoryConfigurationDelegate : Multiple Spring Data modules found, entering strict repository configuration mode!
2026-02-10 17:16:17.368  INFO 84399 --- [           main] .s.d.r.c.RepositoryConfigurationDelegate : Bootstrapping Spring Data JDBC repositories in DEFAULT mode.
2026-02-10 17:16:17.378  INFO 84399 --- [           main] .s.d.r.c.RepositoryConfigurationDelegate : Finished Spring Data repository scanning in 6 ms. Found 0 JDBC repository interfaces.
2026-02-10 17:16:17.387  INFO 84399 --- [           main] .s.d.r.c.RepositoryConfigurationDelegate : Multiple Spring Data modules found, entering strict repository configuration mode!
2026-02-10 17:16:17.389  INFO 84399 --- [           main] .s.d.r.c.RepositoryConfigurationDelegate : Bootstrapping Spring Data JPA repositories in DEFAULT mode.
2026-02-10 17:16:17.393  INFO 84399 --- [           main] .s.d.r.c.RepositoryConfigurationDelegate : Finished Spring Data repository scanning in 1 ms. Found 0 JPA repository interfaces.
2026-02-10 17:16:17.807  INFO 84399 --- [           main] com.zaxxer.hikari.HikariDataSource       : HikariPool-1 - Starting...
2026-02-10 17:16:18.044  INFO 84399 --- [           main] com.zaxxer.hikari.HikariDataSource       : HikariPool-1 - Start completed.
2026-02-10 17:16:18.239  INFO 84399 --- [           main] o.hibernate.jpa.internal.util.LogHelper  : HHH000204: Processing PersistenceUnitInfo [name: default]
2026-02-10 17:16:18.279  INFO 84399 --- [           main] org.hibernate.Version                    : HHH000412: Hibernate ORM core version 5.4.32.Final
2026-02-10 17:16:18.397  INFO 84399 --- [           main] o.hibernate.annotations.common.Version   : HCANN000001: Hibernate Commons Annotations {5.1.2.Final}
2026-02-10 17:16:18.521  INFO 84399 --- [           main] org.hibernate.dialect.Dialect            : HHH000400: Using dialect: org.hibernate.dialect.H2Dialect
2026-02-10 17:16:18.744  INFO 84399 --- [           main] o.h.e.t.j.p.i.JtaPlatformInitiator       : HHH000490: Using JtaPlatform implementation: [org.hibernate.engine.transaction.jta.platform.internal.NoJtaPlatform]
2026-02-10 17:16:18.752  INFO 84399 --- [           main] j.LocalContainerEntityManagerFactoryBean : Initialized JPA EntityManagerFactory for persistence unit 'default'
2026-02-10 17:16:18.890  WARN 84399 --- [           main] JpaBaseConfiguration$JpaWebConfiguration : spring.jpa.open-in-view is enabled by default. Therefore, database queries may be performed during view rendering. Explicitly configure spring.jpa.open-in-view to disable this warning
2026-02-10 17:16:18.937  INFO 84399 --- [           main] o.s.s.p.JdbcUserDetailsManager           : No authentication manager set. Reauthentication of users when changing passwords will not be performed.
2026-02-10 17:16:19.290  INFO 84399 --- [           main] o.s.s.web.DefaultSecurityFilterChain     : Will secure any request with [org.springframework.security.web.context.request.async.WebAsyncManagerIntegrationFilter@7be3fa3d, org.springframework.security.web.context.SecurityContextPersistenceFilter@2314d66b, org.springframework.security.web.header.HeaderWriterFilter@676088b2, org.springframework.security.web.authentication.logout.LogoutFilter@78ae6b30, org.springframework.security.web.authentication.UsernamePasswordAuthenticationFilter@57018ea1, org.springframework.security.web.savedrequest.RequestCacheAwareFilter@af839d8, org.springframework.security.web.servletapi.SecurityContextHolderAwareRequestFilter@44c827c3, org.springframework.security.web.authentication.AnonymousAuthenticationFilter@10ec1e8e, org.springframework.security.web.session.SessionManagementFilter@61ff5f7, org.springframework.security.web.access.ExceptionTranslationFilter@2387f74e, org.springframework.security.web.access.intercept.FilterSecurityInterceptor@79b5143f]
2026-02-10 17:16:19.611  INFO 84399 --- [           main] o.s.b.a.h2.H2ConsoleAutoConfiguration    : H2 console available at '/h2-console'. Database available at 'jdbc:h2:mem:testdb'
2026-02-10 17:16:19.683  INFO 84399 --- [           main] o.s.b.a.w.s.WelcomePageHandlerMapping    : Adding welcome page template: index
2026-02-10 17:16:19.910  INFO 84399 --- [           main] o.s.b.t.m.w.SpringBootMockServletContext : Initializing Spring TestDispatcherServlet ''
2026-02-10 17:16:19.911  INFO 84399 --- [           main] o.s.t.web.servlet.TestDispatcherServlet  : Initializing Servlet ''
2026-02-10 17:16:19.911  INFO 84399 --- [           main] o.s.t.web.servlet.TestDispatcherServlet  : Completed initialization in 0 ms
2026-02-10 17:16:19.929  INFO 84399 --- [           main] com.javaproject.TestDatabase             : Started TestDatabase in 3.653 seconds (JVM running for 4.874)
[INFO] Tests run: 1, Failures: 0, Errors: 0, Skipped: 0, Time elapsed: 4.316 s - in com.javaproject.TestDatabase
[INFO] Running com.javaproject.TestController
2026-02-10 17:16:20.112  INFO 84399 --- [           main] .b.t.c.SpringBootTestContextBootstrapper : Neither @ContextConfiguration nor @ContextHierarchy found for test class [com.javaproject.TestController], using SpringBootContextLoader
2026-02-10 17:16:20.113  INFO 84399 --- [           main] o.s.t.c.support.AbstractContextLoader    : Could not detect default resource locations for test class [com.javaproject.TestController]: no resource found for suffixes {-context.xml, Context.groovy}.
2026-02-10 17:16:20.113  INFO 84399 --- [           main] t.c.s.AnnotationConfigContextLoaderUtils : Could not detect default configuration classes for test class [com.javaproject.TestController]: TestController does not declare any static, non-private, non-final, nested classes annotated with @Configuration.
2026-02-10 17:16:20.115  INFO 84399 --- [           main] .b.t.c.SpringBootTestContextBootstrapper : Found @SpringBootConfiguration com.javaproject.DatabaseServiceProjectApplication for test class com.javaproject.TestController
2026-02-10 17:16:20.116  INFO 84399 --- [           main] .b.t.c.SpringBootTestContextBootstrapper : Loaded default TestExecutionListener class names from location [META-INF/spring.factories]: [org.springframework.boot.test.mock.mockito.MockitoTestExecutionListener, org.springframework.boot.test.mock.mockito.ResetMocksTestExecutionListener, org.springframework.boot.test.autoconfigure.restdocs.RestDocsTestExecutionListener, org.springframework.boot.test.autoconfigure.web.client.MockRestServiceServerResetTestExecutionListener, org.springframework.boot.test.autoconfigure.web.servlet.MockMvcPrintOnlyOnFailureTestExecutionListener, org.springframework.boot.test.autoconfigure.web.servlet.WebDriverTestExecutionListener, org.springframework.boot.test.autoconfigure.webservices.client.MockWebServiceServerTestExecutionListener, org.springframework.test.context.web.ServletTestExecutionListener, org.springframework.test.context.support.DirtiesContextBeforeModesTestExecutionListener, org.springframework.test.context.event.ApplicationEventsTestExecutionListener, org.springframework.test.context.support.DependencyInjectionTestExecutionListener, org.springframework.test.context.support.DirtiesContextTestExecutionListener, org.springframework.test.context.transaction.TransactionalTestExecutionListener, org.springframework.test.context.jdbc.SqlScriptsTestExecutionListener, org.springframework.test.context.event.EventPublishingTestExecutionListener, org.springframework.security.test.context.support.WithSecurityContextTestExecutionListener, org.springframework.security.test.context.support.ReactorContextTestExecutionListener]
2026-02-10 17:16:20.118  INFO 84399 --- [           main] .b.t.c.SpringBootTestContextBootstrapper : Using TestExecutionListeners: [org.springframework.test.context.web.ServletTestExecutionListener@201b95f0, org.springframework.test.context.support.DirtiesContextBeforeModesTestExecutionListener@754ed89c, org.springframework.test.context.event.ApplicationEventsTestExecutionListener@48febe9a, org.springframework.boot.test.mock.mockito.MockitoTestExecutionListener@5660f925, org.springframework.boot.test.autoconfigure.SpringBootDependencyInjectionTestExecutionListener@2aa8520c, org.springframework.test.context.support.DirtiesContextTestExecutionListener@29a1e5fd, org.springframework.test.context.transaction.TransactionalTestExecutionListener@1496943d, org.springframework.test.context.jdbc.SqlScriptsTestExecutionListener@456efe5b, org.springframework.test.context.event.EventPublishingTestExecutionListener@2d3eecc8, org.springframework.security.test.context.support.WithSecurityContextTestExecutionListener@b167a9f, org.springframework.security.test.context.support.ReactorContextTestExecutionListener@2b0130bc, org.springframework.boot.test.mock.mockito.ResetMocksTestExecutionListener@192f8fa1, org.springframework.boot.test.autoconfigure.restdocs.RestDocsTestExecutionListener@432d68e0, org.springframework.boot.test.autoconfigure.web.client.MockRestServiceServerResetTestExecutionListener@7b573098, org.springframework.boot.test.autoconfigure.web.servlet.MockMvcPrintOnlyOnFailureTestExecutionListener@59f16b9e, org.springframework.boot.test.autoconfigure.web.servlet.WebDriverTestExecutionListener@3c46b586, org.springframework.boot.test.autoconfigure.webservices.client.MockWebServiceServerTestExecutionListener@1484a086]
return value is: 5

MockHttpServletRequest:
      HTTP Method = POST
      Request URI = /boardgameAdded
       Parameters = {name=[onecard], level=[1], minPlayers=[2], maxPlayers=[+], gameType=[Party Game]}
          Headers = []
             Body = null
    Session Attrs = {}

Handler:
             Type = com.javaproject.controllers.HomeController
           Method = com.javaproject.controllers.HomeController#boardgameAdded(BoardGame)

Async:
    Async started = false
     Async result = null

Resolved Exception:
             Type = null

ModelAndView:
        View name = redirect:/
             View = null
            Model = null

FlashMap:
       Attributes = null

MockHttpServletResponse:
           Status = 302
    Error message = null
          Headers = [Content-Language:"en", X-Content-Type-Options:"nosniff", X-XSS-Protection:"1; mode=block", Cache-Control:"no-cache, no-store, max-age=0, must-revalidate", Pragma:"no-cache", Expires:"0", Location:"/"]
     Content type = null
             Body = 
    Forwarded URL = null
   Redirected URL = /
          Cookies = []
return value is: 1
return value is: 1
[INFO] Tests run: 4, Failures: 0, Errors: 0, Skipped: 0, Time elapsed: 0.533 s - in com.javaproject.TestController
[INFO] Running com.javaproject.DatabaseServiceProjectApplicationTests
2026-02-10 17:16:20.686  INFO 84399 --- [           main] .b.t.c.SpringBootTestContextBootstrapper : Neither @ContextConfiguration nor @ContextHierarchy found for test class [com.javaproject.DatabaseServiceProjectApplicationTests], using SpringBootContextLoader
2026-02-10 17:16:20.686  INFO 84399 --- [           main] o.s.t.c.support.AbstractContextLoader    : Could not detect default resource locations for test class [com.javaproject.DatabaseServiceProjectApplicationTests]: no resource found for suffixes {-context.xml, Context.groovy}.
2026-02-10 17:16:20.686  INFO 84399 --- [           main] t.c.s.AnnotationConfigContextLoaderUtils : Could not detect default configuration classes for test class [com.javaproject.DatabaseServiceProjectApplicationTests]: DatabaseServiceProjectApplicationTests does not declare any static, non-private, non-final, nested classes annotated with @Configuration.
2026-02-10 17:16:20.691  INFO 84399 --- [           main] .b.t.c.SpringBootTestContextBootstrapper : Found @SpringBootConfiguration com.javaproject.DatabaseServiceProjectApplication for test class com.javaproject.DatabaseServiceProjectApplicationTests
2026-02-10 17:16:20.694  INFO 84399 --- [           main] .b.t.c.SpringBootTestContextBootstrapper : Loaded default TestExecutionListener class names from location [META-INF/spring.factories]: [org.springframework.boot.test.mock.mockito.MockitoTestExecutionListener, org.springframework.boot.test.mock.mockito.ResetMocksTestExecutionListener, org.springframework.boot.test.autoconfigure.restdocs.RestDocsTestExecutionListener, org.springframework.boot.test.autoconfigure.web.client.MockRestServiceServerResetTestExecutionListener, org.springframework.boot.test.autoconfigure.web.servlet.MockMvcPrintOnlyOnFailureTestExecutionListener, org.springframework.boot.test.autoconfigure.web.servlet.WebDriverTestExecutionListener, org.springframework.boot.test.autoconfigure.webservices.client.MockWebServiceServerTestExecutionListener, org.springframework.test.context.web.ServletTestExecutionListener, org.springframework.test.context.support.DirtiesContextBeforeModesTestExecutionListener, org.springframework.test.context.event.ApplicationEventsTestExecutionListener, org.springframework.test.context.support.DependencyInjectionTestExecutionListener, org.springframework.test.context.support.DirtiesContextTestExecutionListener, org.springframework.test.context.transaction.TransactionalTestExecutionListener, org.springframework.test.context.jdbc.SqlScriptsTestExecutionListener, org.springframework.test.context.event.EventPublishingTestExecutionListener, org.springframework.security.test.context.support.WithSecurityContextTestExecutionListener, org.springframework.security.test.context.support.ReactorContextTestExecutionListener]
2026-02-10 17:16:20.697  INFO 84399 --- [           main] .b.t.c.SpringBootTestContextBootstrapper : Using TestExecutionListeners: [org.springframework.test.context.web.ServletTestExecutionListener@5cffbc02, org.springframework.test.context.support.DirtiesContextBeforeModesTestExecutionListener@309aae74, org.springframework.test.context.event.ApplicationEventsTestExecutionListener@1feb4cd0, org.springframework.boot.test.mock.mockito.MockitoTestExecutionListener@6d05f135, org.springframework.boot.test.autoconfigure.SpringBootDependencyInjectionTestExecutionListener@4cbb5f3b, org.springframework.test.context.support.DirtiesContextTestExecutionListener@2937b1d6, org.springframework.test.context.transaction.TransactionalTestExecutionListener@6cfff5ec, org.springframework.test.context.jdbc.SqlScriptsTestExecutionListener@2eb12d1f, org.springframework.test.context.event.EventPublishingTestExecutionListener@3865fd75, org.springframework.security.test.context.support.WithSecurityContextTestExecutionListener@2c4842ae, org.springframework.security.test.context.support.ReactorContextTestExecutionListener@3f8b925e, org.springframework.boot.test.mock.mockito.ResetMocksTestExecutionListener@18759965, org.springframework.boot.test.autoconfigure.restdocs.RestDocsTestExecutionListener@fec414b, org.springframework.boot.test.autoconfigure.web.client.MockRestServiceServerResetTestExecutionListener@615f2f2a, org.springframework.boot.test.autoconfigure.web.servlet.MockMvcPrintOnlyOnFailureTestExecutionListener@225483d, org.springframework.boot.test.autoconfigure.web.servlet.WebDriverTestExecutionListener@362f57ad, org.springframework.boot.test.autoconfigure.webservices.client.MockWebServiceServerTestExecutionListener@5ba4ae3a]
[INFO] Tests run: 1, Failures: 0, Errors: 0, Skipped: 0, Time elapsed: 0.006 s - in com.javaproject.DatabaseServiceProjectApplicationTests
2026-02-10 17:16:20.764  INFO 84399 --- [ionShutdownHook] j.LocalContainerEntityManagerFactoryBean : Closing JPA EntityManagerFactory for persistence unit 'default'
2026-02-10 17:16:20.765  INFO 84399 --- [ionShutdownHook] .SchemaDropperImpl$DelayedDropActionImpl : HHH000477: Starting delayed evictData of schema as part of SessionFactory shut-down'
2026-02-10 17:16:20.767  INFO 84399 --- [ionShutdownHook] com.zaxxer.hikari.HikariDataSource       : HikariPool-1 - Shutdown initiated...
2026-02-10 17:16:20.770  INFO 84399 --- [ionShutdownHook] com.zaxxer.hikari.HikariDataSource       : HikariPool-1 - Shutdown completed.
[INFO] 
[INFO] Results:
[INFO] 
[INFO] Tests run: 6, Failures: 0, Errors: 0, Skipped: 0
[INFO] 
[INFO] ------------------------------------------------------------------------
[INFO] BUILD SUCCESS
[INFO] ------------------------------------------------------------------------
[INFO] Total time:  7.373 s
[INFO] Finished at: 2026-02-10T17:16:21Z
[INFO] ------------------------------------------------------------------------
[8mha:////4IRVfYVSZEkomCTOPzI4wE/mgUVjpBQk98EVSYPZ2g5BAAAApB+LCAAAAAAAAP9tjTEOwjAQBC9BFLSUPOIioXSIitZKwwtMYowd686xHZyKF/E1/kAgEhVbrHa2mecL1jHAkYNGq6g3FFuD3o16Xpg59FfHGS1fsGWK7BQ2KjfcqdOCDScFS4oSVgI2ilrH0ZBOsBVW3mXlJOnqnML8HQSUphvgAYWYzUmG9IUpwO42dpHp5/krgMn7BGVdf2r/BmFfOky+AAAA[0m[Pipeline] }
[8mha:////4OSiyOHFdpdgkF8TUMG+WXiwJBwDmyAxyA4xlfIdsh7tAAAApB+LCAAAAAAAAP9tjTEOwjAQBC9BFLSUPOIiJKgQVVrLDS8wsTFOrDtjOyQVL+Jr/IFAJCq2WO1sM88XLFOEI0eLraHOUWocBt/baeHAsbt4HrDlMzZMib1BaQbJ2tQzSs4G5hQlLASsDDWekyObYS1adVeVV2SrU47TdxBQOn2DBxRiMmcV8xfGCJtrrxPTz/NXAGMIGcrd/lPbN37dbx6+AAAA[0m[Pipeline] // withEnv
[8mha:////4GM+SrTzlrzUYrouphp065UVrNH9n09dtAOmG27GGPL3AAAApR+LCAAAAAAAAP9tjTEOwjAQBC9BFLSUPOJSgNIgqrRWGl5gYmOcWHfGdkgqXsTX+AMWkajYYrWzzbzesI4BThwM9poGS7Gz6N1o8sKJw3B1PGHPF+yYIjuNrZ5aVrpZsOWkYUlRwkrARlPnOFoyCbailw9ZOUmmOqeQv6OA0qo7PKEQ2ZxkSF+YA+xuo4pMP89fAczeJygPda59/QG0rN5JvgAAAA==[0m[Pipeline] }
[8mha:////4NCGBy0jGKYDibWRK1P2J2alyASvvTOtRWSgKo89+073AAAApR+LCAAAAAAAAP9tjTEOwjAQBC9BFLSUPOJSAKJAqWgtN7zAJMY4se6C7eBUvIiv8QcsIlGxxWpnm3m9YRk81OwNdpp6S6GxOLjR5IWJfX91nLDjCzZMgZ1GqZPkVp9mlBw1zClKWAhYaWocB0smwlp06qEqp8hU5+jzdxRQ2vYOTyhENkfl4xcmD5vb2Aamn+evAKZhiFDuDrm2+w+rLosbvgAAAA==[0m[Pipeline] // stage
[8mha:////4JgiPpdf1vnfyzftIulKIEyK3bRmEofPPRztGvQrqqkpAAAAqB+LCAAAAAAAAP9tjTEOwjAUQ3+LOrAycohUIAYk1Ik16sIJQhNC0uj/kqSkEyfiatyBQCUmPFi2Jes9X1AFDw15zazC3mDoDBvcqHNiiXx/cZSYpTPrCAM5xVqVWpLqONeWooJZRQkLDkuFnaNgUEdYcSvuonYCdX2KPm8HDqWRN3hAwTM5Ch+/ZfKwvo4yEP44fwEwDRHK7Sbbbv95Vm9e0pcfwgAAAA==[0m[Pipeline] stage
[8mha:////4IbBdXogXl4EtSe09bTv8QhCT+BgWducWFxSH1vCzRL9AAAApx+LCAAAAAAAAP9tjTEOwjAUQ3+LOrAycoh0YQAhpq5RFk4QmhDSRv+Xn5R24kRcjTvQUokJD5ZtyXqvNxSR4UTsRGOx9RhrL7rQuymJgbi9BhpEQxdRE0YKVig7KDK2WqqiZGFRlsNKwtpiHSh6dAk2stEPXQaNrjwnnrajhNybOzwhkxM5aU7fMjJsb72JhD/OXwCMXYJ8t5/tMD+LD56au0DCAAAA[0m[Pipeline] { (install)
[8mha:////4BKcfL2HvEHS5RyrRJAibi2I+jLqLFFNk+f+jO2emtQGAAAApR+LCAAAAAAAAP9tjTEOwjAQBC9BFLSUPOJCAQVCqWgtN7zAJMY4se6C7eBUvIiv8QcsIlGxxWpnm3m9YRk81OwNdpp6S6GxOLjR5IWJfX91nLDjCzZMgZ1GqZPkVp9mlBw1zClKWAhYaWocB0smwlp06qEqp8hU5+jzdxRQ2vYOTyhENkfl4xcmD5vb2Aamn+evAKYhQrk75Npvhw/4iFt7vgAAAA==[0m[Pipeline] tool
[8mha:////4JfECfERKQTEjU+ipEaRfPlkBDmvy24+FU2WtbmxkqMWAAAAph+LCAAAAAAAAP9tjTEOwjAQBC9BFLSUPOIiJCgQSkVrueEFJjHGiXUXbAen4kV8jT9gEYmKLVY728zrDcvgoWZvsNPUWwqNxcGNJi9M7Pur44QdX7BhCuw0Sp0kt/o0o+SoYU5RwkLASlPjOFgyEdaiUw9VOUWmOkefv6OA0rZ3eEIhsjkqH78wedjcxjYw/Tx/BTANEcrdIdd+O3wAublAYr4AAAA=[0m[Pipeline] envVarsForTool
[8mha:////4LKIpGcOoiA/K5PU3D2TWQP6EjyDVwCv5ErjJqfNGa/kAAAAph+LCAAAAAAAAP9tjTEOwjAQBC9BFLSUPOIiISgQSkVrueEFJjHGiXUXbAen4kV8jT9gEYmKLVY728zrDcvgoWZvsNPUWwqNxcGNJi9M7Pur44QdX7BhCuw0Sp0kt/o0o+SoYU5RwkLASlPjOFgyEdaiUw9VOUWmOkefv6OA0rZ3eEIhsjkqH78wedjcxjYw/Tx/BTANEcrdIdd+O3wAeuptSb4AAAA=[0m[Pipeline] tool
[8mha:////4GltCiXnVj/+pWAn5LvrpVBMF10SuGGAksIppga6QTrsAAAApR+LCAAAAAAAAP9tjTEOwjAQBC9BFLSUPOJSAAVCqWgtN7zAJMY4se6C7eBUvIiv8QcsIlGxxWpnm3m9YRk81OwNdpp6S6GxOLjR5IWJfX91nLDjCzZMgZ1GqZPkVp9mlBw1zClKWAhYaWocB0smwlp06qEqp8hU5+jzdxRQ2vYOTyhENkfl4xcmD5vb2Aamn+evAKYhQrk75Npvhw8723ZQvgAAAA==[0m[Pipeline] envVarsForTool
[8mha:////4LTJeZjBQ1p0RZCQ+JoF/9WX0TWKnxFgGew+BNSM5Sz4AAAAqB+LCAAAAAAAAP9tjTEOwjAUQ3+LOrAycoh0KQNCTF2jLpwgNCEkjf4vSUo6cSKuxh0IVGLCg2Vbst7zBVXwcCSvmVU4GAy9YaObdE4skR8ujhKzdGY9YSCnWKdSR1K1S+0oKlhUlLDisFbYOwoGdYQNt+IuaidQ16fo83bgUBp5gwcUPJOj8PFbZg/b6yQD4Y/zFwDzGKFs9tl2zedZvQE0XdybwgAAAA==[0m[Pipeline] withEnv
[8mha:////4CMeGegN7g6cd8xIyzen/jduOE2Hk612j+CvpCPlpVNjAAAAph+LCAAAAAAAAP9tjTEOwjAUQ3+DOrAycoh0oRNiYo26cILQhJA0+r9NUtKJE3E17kBLJSY8WLYl673eUMYAJwqGO42dxdha3vvRzIlnCt3NU+aOrrwljOQ1b3RuSOnzWhtKGlYVDDYCthpbT9GiSbATTj5k5SWa6pLCvB0FMKsGeEIhZnKSIX3LFGB/H1Uk/HH+AmDqE7D6sFi9PMsP+Y+xAMIAAAA=[0m[Pipeline] {
[8mha:////4J0fLMdoL+/IaBevVVUOGk9WtBO8JpzdU3++0Ra/o2qTAAAAox+LCAAAAAAAAP9tjTESwiAURH/iWNhaeghSxcaxsmVoPAEmiBDmfwJEUnkir+YdRDNj5RY7+7Z5zxesY4AjBc2swsFg7AzzbtJlsUxhuDrKzNKFdYSRnGJCZUG9Oi0oKClYUtWw4rBR2DmKBnWCLbfyLhsnUTfnFMp34FCbfoQHVLyYkwzpC3OA3W3qI+HP81cAs09Qt+2n9v4NlEULJr4AAAA=[0m[Pipeline] sh
+ mvn install
[INFO] Scanning for projects...
[INFO] 
[INFO] --------------< com.javaproject:database_service_project >--------------
[INFO] Building database_service_project 0.0.5-SNAPSHOT
[INFO] --------------------------------[ jar ]---------------------------------
[INFO] 
[INFO] --- jacoco-maven-plugin:0.8.7:prepare-agent (jacoco-initialize) @ database_service_project ---
[INFO] argLine set to -javaagent:/var/lib/jenkins/.m2/repository/org/jacoco/org.jacoco.agent/0.8.7/org.jacoco.agent-0.8.7-runtime.jar=destfile=/var/lib/jenkins/workspace/MB-JB-01_feature-1/target/jacoco.exec
[INFO] 
[INFO] --- maven-resources-plugin:3.2.0:resources (default-resources) @ database_service_project ---
[INFO] Using 'UTF-8' encoding to copy filtered resources.
[INFO] Using 'UTF-8' encoding to copy filtered properties files.
[INFO] Copying 1 resource
[INFO] Copying 19 resources
[INFO] 
[INFO] --- maven-compiler-plugin:3.8.1:compile (default-compile) @ database_service_project ---
[INFO] Nothing to compile - all classes are up to date
[INFO] 
[INFO] --- maven-resources-plugin:3.2.0:testResources (default-testResources) @ database_service_project ---
[INFO] Using 'UTF-8' encoding to copy filtered resources.
[INFO] Using 'UTF-8' encoding to copy filtered properties files.
[INFO] skip non existing resourceDirectory /var/lib/jenkins/workspace/MB-JB-01_feature-1/src/test/resources
[INFO] 
[INFO] --- maven-compiler-plugin:3.8.1:testCompile (default-testCompile) @ database_service_project ---
[INFO] Nothing to compile - all classes are up to date
[INFO] 
[INFO] --- maven-surefire-plugin:2.22.2:test (default-test) @ database_service_project ---
[INFO] 
[INFO] -------------------------------------------------------
[INFO]  T E S T S
[INFO] -------------------------------------------------------
[INFO] Running com.javaproject.TestDatabase
17:16:25.174 [main] DEBUG org.springframework.test.context.BootstrapUtils - Instantiating CacheAwareContextLoaderDelegate from class [org.springframework.test.context.cache.DefaultCacheAwareContextLoaderDelegate]
17:16:25.194 [main] DEBUG org.springframework.test.context.BootstrapUtils - Instantiating BootstrapContext using constructor [public org.springframework.test.context.support.DefaultBootstrapContext(java.lang.Class,org.springframework.test.context.CacheAwareContextLoaderDelegate)]
17:16:25.245 [main] DEBUG org.springframework.test.context.BootstrapUtils - Instantiating TestContextBootstrapper for test class [com.javaproject.TestDatabase] from class [org.springframework.boot.test.context.SpringBootTestContextBootstrapper]
17:16:25.260 [main] INFO org.springframework.boot.test.context.SpringBootTestContextBootstrapper - Neither @ContextConfiguration nor @ContextHierarchy found for test class [com.javaproject.TestDatabase], using SpringBootContextLoader
17:16:25.264 [main] DEBUG org.springframework.test.context.support.AbstractContextLoader - Did not detect default resource location for test class [com.javaproject.TestDatabase]: class path resource [com/javaproject/TestDatabase-context.xml] does not exist
17:16:25.264 [main] DEBUG org.springframework.test.context.support.AbstractContextLoader - Did not detect default resource location for test class [com.javaproject.TestDatabase]: class path resource [com/javaproject/TestDatabaseContext.groovy] does not exist
17:16:25.264 [main] INFO org.springframework.test.context.support.AbstractContextLoader - Could not detect default resource locations for test class [com.javaproject.TestDatabase]: no resource found for suffixes {-context.xml, Context.groovy}.
17:16:25.266 [main] INFO org.springframework.test.context.support.AnnotationConfigContextLoaderUtils - Could not detect default configuration classes for test class [com.javaproject.TestDatabase]: TestDatabase does not declare any static, non-private, non-final, nested classes annotated with @Configuration.
17:16:25.332 [main] DEBUG org.springframework.test.context.support.ActiveProfilesUtils - Could not find an 'annotation declaring class' for annotation type [org.springframework.test.context.ActiveProfiles] and class [com.javaproject.TestDatabase]
17:16:25.397 [main] DEBUG org.springframework.context.annotation.ClassPathScanningCandidateComponentProvider - Identified candidate component class: file [/var/lib/jenkins/workspace/MB-JB-01_feature-1/target/classes/com/javaproject/DatabaseServiceProjectApplication.class]
17:16:25.398 [main] INFO org.springframework.boot.test.context.SpringBootTestContextBootstrapper - Found @SpringBootConfiguration com.javaproject.DatabaseServiceProjectApplication for test class com.javaproject.TestDatabase
17:16:25.529 [main] DEBUG org.springframework.boot.test.context.SpringBootTestContextBootstrapper - @TestExecutionListeners is not present for class [com.javaproject.TestDatabase]: using defaults.
17:16:25.529 [main] INFO org.springframework.boot.test.context.SpringBootTestContextBootstrapper - Loaded default TestExecutionListener class names from location [META-INF/spring.factories]: [org.springframework.boot.test.mock.mockito.MockitoTestExecutionListener, org.springframework.boot.test.mock.mockito.ResetMocksTestExecutionListener, org.springframework.boot.test.autoconfigure.restdocs.RestDocsTestExecutionListener, org.springframework.boot.test.autoconfigure.web.client.MockRestServiceServerResetTestExecutionListener, org.springframework.boot.test.autoconfigure.web.servlet.MockMvcPrintOnlyOnFailureTestExecutionListener, org.springframework.boot.test.autoconfigure.web.servlet.WebDriverTestExecutionListener, org.springframework.boot.test.autoconfigure.webservices.client.MockWebServiceServerTestExecutionListener, org.springframework.test.context.web.ServletTestExecutionListener, org.springframework.test.context.support.DirtiesContextBeforeModesTestExecutionListener, org.springframework.test.context.event.ApplicationEventsTestExecutionListener, org.springframework.test.context.support.DependencyInjectionTestExecutionListener, org.springframework.test.context.support.DirtiesContextTestExecutionListener, org.springframework.test.context.transaction.TransactionalTestExecutionListener, org.springframework.test.context.jdbc.SqlScriptsTestExecutionListener, org.springframework.test.context.event.EventPublishingTestExecutionListener, org.springframework.security.test.context.support.WithSecurityContextTestExecutionListener, org.springframework.security.test.context.support.ReactorContextTestExecutionListener]
17:16:25.553 [main] INFO org.springframework.boot.test.context.SpringBootTestContextBootstrapper - Using TestExecutionListeners: [org.springframework.test.context.web.ServletTestExecutionListener@6150afc6, org.springframework.test.context.support.DirtiesContextBeforeModesTestExecutionListener@49f50c8f, org.springframework.test.context.event.ApplicationEventsTestExecutionListener@46e6458d, org.springframework.boot.test.mock.mockito.MockitoTestExecutionListener@6297cb4b, org.springframework.boot.test.autoconfigure.SpringBootDependencyInjectionTestExecutionListener@65d6640, org.springframework.test.context.support.DirtiesContextTestExecutionListener@672d8370, org.springframework.test.context.transaction.TransactionalTestExecutionListener@13137835, org.springframework.test.context.jdbc.SqlScriptsTestExecutionListener@4f82248f, org.springframework.test.context.event.EventPublishingTestExecutionListener@22002459, org.springframework.security.test.context.support.WithSecurityContextTestExecutionListener@29bd056a, org.springframework.security.test.context.support.ReactorContextTestExecutionListener@21e702b8, org.springframework.boot.test.mock.mockito.ResetMocksTestExecutionListener@7f1fec57, org.springframework.boot.test.autoconfigure.restdocs.RestDocsTestExecutionListener@5c9e3d01, org.springframework.boot.test.autoconfigure.web.client.MockRestServiceServerResetTestExecutionListener@1dc9f5ad, org.springframework.boot.test.autoconfigure.web.servlet.MockMvcPrintOnlyOnFailureTestExecutionListener@4a2d66e, org.springframework.boot.test.autoconfigure.web.servlet.WebDriverTestExecutionListener@4dffff9, org.springframework.boot.test.autoconfigure.webservices.client.MockWebServiceServerTestExecutionListener@2904bc56]
17:16:25.561 [main] DEBUG org.springframework.test.context.support.AbstractDirtiesContextTestExecutionListener - Before test class: context [DefaultTestContext@2d3c501b testClass = TestDatabase, testInstance = [null], testMethod = [null], testException = [null], mergedContextConfiguration = [WebMergedContextConfiguration@7b8cb283 testClass = TestDatabase, locations = '{}', classes = '{class com.javaproject.DatabaseServiceProjectApplication}', contextInitializerClasses = '[]', activeProfiles = '{}', propertySourceLocations = '{}', propertySourceProperties = '{org.springframework.boot.test.context.SpringBootTestContextBootstrapper=true}', contextCustomizers = set[[ImportsContextCustomizer@38b54694 key = [org.springframework.boot.test.autoconfigure.web.servlet.MockMvcAutoConfiguration, org.springframework.boot.test.autoconfigure.web.servlet.MockMvcWebClientAutoConfiguration, org.springframework.boot.test.autoconfigure.web.servlet.MockMvcWebDriverAutoConfiguration, org.springframework.boot.autoconfigure.security.oauth2.client.servlet.OAuth2ClientAutoConfiguration, org.springframework.boot.autoconfigure.security.oauth2.resource.servlet.OAuth2ResourceServerAutoConfiguration, org.springframework.boot.autoconfigure.security.servlet.SecurityAutoConfiguration, org.springframework.boot.autoconfigure.security.servlet.SecurityFilterAutoConfiguration, org.springframework.boot.autoconfigure.security.servlet.UserDetailsServiceAutoConfiguration, org.springframework.boot.test.autoconfigure.web.servlet.MockMvcSecurityConfiguration]], org.springframework.boot.test.context.filter.ExcludeFilterContextCustomizer@6909f6be, org.springframework.boot.test.json.DuplicateJsonObjectContextCustomizerFactory$DuplicateJsonObjectContextCustomizer@764b14b8, org.springframework.boot.test.mock.mockito.MockitoContextCustomizer@0, org.springframework.boot.test.web.client.TestRestTemplateContextCustomizer@515b9d4a, org.springframework.boot.test.autoconfigure.actuate.metrics.MetricsExportContextCustomizerFactory$DisableMetricExportContextCustomizer@43471a7e, org.springframework.boot.test.autoconfigure.properties.PropertyMappingContextCustomizer@4b3fa0b3, org.springframework.boot.test.autoconfigure.web.servlet.WebDriverContextCustomizerFactory$Customizer@27585351, org.springframework.boot.test.context.SpringBootTestArgs@1, org.springframework.boot.test.context.SpringBootTestWebEnvironment@7cbee484], resourceBasePath = 'src/main/webapp', contextLoader = 'org.springframework.boot.test.context.SpringBootContextLoader', parent = [null]], attributes = map['org.springframework.test.context.web.ServletTestExecutionListener.activateListener' -> true]], class annotated with @DirtiesContext [false] with mode [null].
17:16:25.606 [main] DEBUG org.springframework.test.context.support.TestPropertySourceUtils - Adding inlined properties to environment: {spring.jmx.enabled=false, org.springframework.boot.test.context.SpringBootTestContextBootstrapper=true}

  .   ____          _            __ _ _
 /\\ / ___'_ __ _ _(_)_ __  __ _ \ \ \ \
( ( )\___ | '_ | '_| | '_ \/ _` | \ \ \ \
 \\/  ___)| |_)| | | | | || (_| |  ) ) ) )
  '  |____| .__|_| |_|_| |_\__, | / / / /
 =========|_|==============|___/=/_/_/_/
 :: Spring Boot ::                (v2.5.6)

2026-02-10 17:16:26.001  INFO 84513 --- [           main] com.javaproject.TestDatabase             : Starting TestDatabase using Java 11.0.30 on jenkins-server with PID 84513 (started by jenkins in /var/lib/jenkins/workspace/MB-JB-01_feature-1)
2026-02-10 17:16:26.006  INFO 84513 --- [           main] com.javaproject.TestDatabase             : No active profile set, falling back to default profiles: default
2026-02-10 17:16:26.893  INFO 84513 --- [           main] .s.d.r.c.RepositoryConfigurationDelegate : Multiple Spring Data modules found, entering strict repository configuration mode!
2026-02-10 17:16:26.895  INFO 84513 --- [           main] .s.d.r.c.RepositoryConfigurationDelegate : Bootstrapping Spring Data JDBC repositories in DEFAULT mode.
2026-02-10 17:16:26.907  INFO 84513 --- [           main] .s.d.r.c.RepositoryConfigurationDelegate : Finished Spring Data repository scanning in 6 ms. Found 0 JDBC repository interfaces.
2026-02-10 17:16:26.919  INFO 84513 --- [           main] .s.d.r.c.RepositoryConfigurationDelegate : Multiple Spring Data modules found, entering strict repository configuration mode!
2026-02-10 17:16:26.922  INFO 84513 --- [           main] .s.d.r.c.RepositoryConfigurationDelegate : Bootstrapping Spring Data JPA repositories in DEFAULT mode.
2026-02-10 17:16:26.928  INFO 84513 --- [           main] .s.d.r.c.RepositoryConfigurationDelegate : Finished Spring Data repository scanning in 1 ms. Found 0 JPA repository interfaces.
2026-02-10 17:16:27.421  INFO 84513 --- [           main] com.zaxxer.hikari.HikariDataSource       : HikariPool-1 - Starting...
2026-02-10 17:16:27.678  INFO 84513 --- [           main] com.zaxxer.hikari.HikariDataSource       : HikariPool-1 - Start completed.
2026-02-10 17:16:27.888  INFO 84513 --- [           main] o.hibernate.jpa.internal.util.LogHelper  : HHH000204: Processing PersistenceUnitInfo [name: default]
2026-02-10 17:16:27.930  INFO 84513 --- [           main] org.hibernate.Version                    : HHH000412: Hibernate ORM core version 5.4.32.Final
2026-02-10 17:16:28.051  INFO 84513 --- [           main] o.hibernate.annotations.common.Version   : HCANN000001: Hibernate Commons Annotations {5.1.2.Final}
2026-02-10 17:16:28.165  INFO 84513 --- [           main] org.hibernate.dialect.Dialect            : HHH000400: Using dialect: org.hibernate.dialect.H2Dialect
2026-02-10 17:16:28.380  INFO 84513 --- [           main] o.h.e.t.j.p.i.JtaPlatformInitiator       : HHH000490: Using JtaPlatform implementation: [org.hibernate.engine.transaction.jta.platform.internal.NoJtaPlatform]
2026-02-10 17:16:28.392  INFO 84513 --- [           main] j.LocalContainerEntityManagerFactoryBean : Initialized JPA EntityManagerFactory for persistence unit 'default'
2026-02-10 17:16:28.561  WARN 84513 --- [           main] JpaBaseConfiguration$JpaWebConfiguration : spring.jpa.open-in-view is enabled by default. Therefore, database queries may be performed during view rendering. Explicitly configure spring.jpa.open-in-view to disable this warning
2026-02-10 17:16:28.600  INFO 84513 --- [           main] o.s.s.p.JdbcUserDetailsManager           : No authentication manager set. Reauthentication of users when changing passwords will not be performed.
2026-02-10 17:16:28.986  INFO 84513 --- [           main] o.s.s.web.DefaultSecurityFilterChain     : Will secure any request with [org.springframework.security.web.context.request.async.WebAsyncManagerIntegrationFilter@2afb5a8a, org.springframework.security.web.context.SecurityContextPersistenceFilter@45d619c2, org.springframework.security.web.header.HeaderWriterFilter@20276f61, org.springframework.security.web.authentication.logout.LogoutFilter@684c4ecd, org.springframework.security.web.authentication.UsernamePasswordAuthenticationFilter@1c231801, org.springframework.security.web.savedrequest.RequestCacheAwareFilter@4576f822, org.springframework.security.web.servletapi.SecurityContextHolderAwareRequestFilter@56b2fc96, org.springframework.security.web.authentication.AnonymousAuthenticationFilter@23716ad0, org.springframework.security.web.session.SessionManagementFilter@55fec9e3, org.springframework.security.web.access.ExceptionTranslationFilter@105a90b9, org.springframework.security.web.access.intercept.FilterSecurityInterceptor@42e7e5b9]
2026-02-10 17:16:29.325  INFO 84513 --- [           main] o.s.b.a.h2.H2ConsoleAutoConfiguration    : H2 console available at '/h2-console'. Database available at 'jdbc:h2:mem:testdb'
2026-02-10 17:16:29.380  INFO 84513 --- [           main] o.s.b.a.w.s.WelcomePageHandlerMapping    : Adding welcome page template: index
2026-02-10 17:16:29.668  INFO 84513 --- [           main] o.s.b.t.m.w.SpringBootMockServletContext : Initializing Spring TestDispatcherServlet ''
2026-02-10 17:16:29.668  INFO 84513 --- [           main] o.s.t.web.servlet.TestDispatcherServlet  : Initializing Servlet ''
2026-02-10 17:16:29.669  INFO 84513 --- [           main] o.s.t.web.servlet.TestDispatcherServlet  : Completed initialization in 1 ms
2026-02-10 17:16:29.695  INFO 84513 --- [           main] com.javaproject.TestDatabase             : Started TestDatabase in 4.082 seconds (JVM running for 5.464)
[INFO] Tests run: 1, Failures: 0, Errors: 0, Skipped: 0, Time elapsed: 4.824 s - in com.javaproject.TestDatabase
[INFO] Running com.javaproject.TestController
2026-02-10 17:16:29.919  INFO 84513 --- [           main] .b.t.c.SpringBootTestContextBootstrapper : Neither @ContextConfiguration nor @ContextHierarchy found for test class [com.javaproject.TestController], using SpringBootContextLoader
2026-02-10 17:16:29.920  INFO 84513 --- [           main] o.s.t.c.support.AbstractContextLoader    : Could not detect default resource locations for test class [com.javaproject.TestController]: no resource found for suffixes {-context.xml, Context.groovy}.
2026-02-10 17:16:29.920  INFO 84513 --- [           main] t.c.s.AnnotationConfigContextLoaderUtils : Could not detect default configuration classes for test class [com.javaproject.TestController]: TestController does not declare any static, non-private, non-final, nested classes annotated with @Configuration.
2026-02-10 17:16:29.924  INFO 84513 --- [           main] .b.t.c.SpringBootTestContextBootstrapper : Found @SpringBootConfiguration com.javaproject.DatabaseServiceProjectApplication for test class com.javaproject.TestController
2026-02-10 17:16:29.925  INFO 84513 --- [           main] .b.t.c.SpringBootTestContextBootstrapper : Loaded default TestExecutionListener class names from location [META-INF/spring.factories]: [org.springframework.boot.test.mock.mockito.MockitoTestExecutionListener, org.springframework.boot.test.mock.mockito.ResetMocksTestExecutionListener, org.springframework.boot.test.autoconfigure.restdocs.RestDocsTestExecutionListener, org.springframework.boot.test.autoconfigure.web.client.MockRestServiceServerResetTestExecutionListener, org.springframework.boot.test.autoconfigure.web.servlet.MockMvcPrintOnlyOnFailureTestExecutionListener, org.springframework.boot.test.autoconfigure.web.servlet.WebDriverTestExecutionListener, org.springframework.boot.test.autoconfigure.webservices.client.MockWebServiceServerTestExecutionListener, org.springframework.test.context.web.ServletTestExecutionListener, org.springframework.test.context.support.DirtiesContextBeforeModesTestExecutionListener, org.springframework.test.context.event.ApplicationEventsTestExecutionListener, org.springframework.test.context.support.DependencyInjectionTestExecutionListener, org.springframework.test.context.support.DirtiesContextTestExecutionListener, org.springframework.test.context.transaction.TransactionalTestExecutionListener, org.springframework.test.context.jdbc.SqlScriptsTestExecutionListener, org.springframework.test.context.event.EventPublishingTestExecutionListener, org.springframework.security.test.context.support.WithSecurityContextTestExecutionListener, org.springframework.security.test.context.support.ReactorContextTestExecutionListener]
2026-02-10 17:16:29.925  INFO 84513 --- [           main] .b.t.c.SpringBootTestContextBootstrapper : Using TestExecutionListeners: [org.springframework.test.context.web.ServletTestExecutionListener@4cef18cb, org.springframework.test.context.support.DirtiesContextBeforeModesTestExecutionListener@15ee70dc, org.springframework.test.context.event.ApplicationEventsTestExecutionListener@45529217, org.springframework.boot.test.mock.mockito.MockitoTestExecutionListener@2d246203, org.springframework.boot.test.autoconfigure.SpringBootDependencyInjectionTestExecutionListener@19b90e2c, org.springframework.test.context.support.DirtiesContextTestExecutionListener@7fb7e557, org.springframework.test.context.transaction.TransactionalTestExecutionListener@2ea4129c, org.springframework.test.context.jdbc.SqlScriptsTestExecutionListener@209e5931, org.springframework.test.context.event.EventPublishingTestExecutionListener@7107fb60, org.springframework.security.test.context.support.WithSecurityContextTestExecutionListener@31da354a, org.springframework.security.test.context.support.ReactorContextTestExecutionListener@3fe4f11f, org.springframework.boot.test.mock.mockito.ResetMocksTestExecutionListener@6d617003, org.springframework.boot.test.autoconfigure.restdocs.RestDocsTestExecutionListener@23f34a34, org.springframework.boot.test.autoconfigure.web.client.MockRestServiceServerResetTestExecutionListener@43634b65, org.springframework.boot.test.autoconfigure.web.servlet.MockMvcPrintOnlyOnFailureTestExecutionListener@5b17261f, org.springframework.boot.test.autoconfigure.web.servlet.WebDriverTestExecutionListener@3d10a416, org.springframework.boot.test.autoconfigure.webservices.client.MockWebServiceServerTestExecutionListener@48bfb6a]
return value is: 5

MockHttpServletRequest:
      HTTP Method = POST
      Request URI = /boardgameAdded
       Parameters = {name=[onecard], level=[1], minPlayers=[2], maxPlayers=[+], gameType=[Party Game]}
          Headers = []
             Body = null
    Session Attrs = {}

Handler:
             Type = com.javaproject.controllers.HomeController
           Method = com.javaproject.controllers.HomeController#boardgameAdded(BoardGame)

Async:
    Async started = false
     Async result = null

Resolved Exception:
             Type = null

ModelAndView:
        View name = redirect:/
             View = null
            Model = null

FlashMap:
       Attributes = null

MockHttpServletResponse:
           Status = 302
    Error message = null
          Headers = [Content-Language:"en", X-Content-Type-Options:"nosniff", X-XSS-Protection:"1; mode=block", Cache-Control:"no-cache, no-store, max-age=0, must-revalidate", Pragma:"no-cache", Expires:"0", Location:"/"]
     Content type = null
             Body = 
    Forwarded URL = null
   Redirected URL = /
          Cookies = []
return value is: 1
return value is: 1
[INFO] Tests run: 4, Failures: 0, Errors: 0, Skipped: 0, Time elapsed: 0.513 s - in com.javaproject.TestController
[INFO] Running com.javaproject.DatabaseServiceProjectApplicationTests
2026-02-10 17:16:30.473  INFO 84513 --- [           main] .b.t.c.SpringBootTestContextBootstrapper : Neither @ContextConfiguration nor @ContextHierarchy found for test class [com.javaproject.DatabaseServiceProjectApplicationTests], using SpringBootContextLoader
2026-02-10 17:16:30.473  INFO 84513 --- [           main] o.s.t.c.support.AbstractContextLoader    : Could not detect default resource locations for test class [com.javaproject.DatabaseServiceProjectApplicationTests]: no resource found for suffixes {-context.xml, Context.groovy}.
2026-02-10 17:16:30.474  INFO 84513 --- [           main] t.c.s.AnnotationConfigContextLoaderUtils : Could not detect default configuration classes for test class [com.javaproject.DatabaseServiceProjectApplicationTests]: DatabaseServiceProjectApplicationTests does not declare any static, non-private, non-final, nested classes annotated with @Configuration.
2026-02-10 17:16:30.477  INFO 84513 --- [           main] .b.t.c.SpringBootTestContextBootstrapper : Found @SpringBootConfiguration com.javaproject.DatabaseServiceProjectApplication for test class com.javaproject.DatabaseServiceProjectApplicationTests
2026-02-10 17:16:30.477  INFO 84513 --- [           main] .b.t.c.SpringBootTestContextBootstrapper : Loaded default TestExecutionListener class names from location [META-INF/spring.factories]: [org.springframework.boot.test.mock.mockito.MockitoTestExecutionListener, org.springframework.boot.test.mock.mockito.ResetMocksTestExecutionListener, org.springframework.boot.test.autoconfigure.restdocs.RestDocsTestExecutionListener, org.springframework.boot.test.autoconfigure.web.client.MockRestServiceServerResetTestExecutionListener, org.springframework.boot.test.autoconfigure.web.servlet.MockMvcPrintOnlyOnFailureTestExecutionListener, org.springframework.boot.test.autoconfigure.web.servlet.WebDriverTestExecutionListener, org.springframework.boot.test.autoconfigure.webservices.client.MockWebServiceServerTestExecutionListener, org.springframework.test.context.web.ServletTestExecutionListener, org.springframework.test.context.support.DirtiesContextBeforeModesTestExecutionListener, org.springframework.test.context.event.ApplicationEventsTestExecutionListener, org.springframework.test.context.support.DependencyInjectionTestExecutionListener, org.springframework.test.context.support.DirtiesContextTestExecutionListener, org.springframework.test.context.transaction.TransactionalTestExecutionListener, org.springframework.test.context.jdbc.SqlScriptsTestExecutionListener, org.springframework.test.context.event.EventPublishingTestExecutionListener, org.springframework.security.test.context.support.WithSecurityContextTestExecutionListener, org.springframework.security.test.context.support.ReactorContextTestExecutionListener]
2026-02-10 17:16:30.478  INFO 84513 --- [           main] .b.t.c.SpringBootTestContextBootstrapper : Using TestExecutionListeners: [org.springframework.test.context.web.ServletTestExecutionListener@34be0e4b, org.springframework.test.context.support.DirtiesContextBeforeModesTestExecutionListener@2ace6e2e, org.springframework.test.context.event.ApplicationEventsTestExecutionListener@56fd268, org.springframework.boot.test.mock.mockito.MockitoTestExecutionListener@7fc7e3d9, org.springframework.boot.test.autoconfigure.SpringBootDependencyInjectionTestExecutionListener@3bcf763c, org.springframework.test.context.support.DirtiesContextTestExecutionListener@62a9c075, org.springframework.test.context.transaction.TransactionalTestExecutionListener@192ea2da, org.springframework.test.context.jdbc.SqlScriptsTestExecutionListener@59b7530d, org.springframework.test.context.event.EventPublishingTestExecutionListener@1909b091, org.springframework.security.test.context.support.WithSecurityContextTestExecutionListener@358f61ad, org.springframework.security.test.context.support.ReactorContextTestExecutionListener@59db3db4, org.springframework.boot.test.mock.mockito.ResetMocksTestExecutionListener@3a1732b9, org.springframework.boot.test.autoconfigure.restdocs.RestDocsTestExecutionListener@6e4e8052, org.springframework.boot.test.autoconfigure.web.client.MockRestServiceServerResetTestExecutionListener@2002163f, org.springframework.boot.test.autoconfigure.web.servlet.MockMvcPrintOnlyOnFailureTestExecutionListener@2034b916, org.springframework.boot.test.autoconfigure.web.servlet.WebDriverTestExecutionListener@2335c553, org.springframework.boot.test.autoconfigure.webservices.client.MockWebServiceServerTestExecutionListener@39e38d77]
[INFO] Tests run: 1, Failures: 0, Errors: 0, Skipped: 0, Time elapsed: 0.008 s - in com.javaproject.DatabaseServiceProjectApplicationTests
2026-02-10 17:16:30.548  INFO 84513 --- [ionShutdownHook] j.LocalContainerEntityManagerFactoryBean : Closing JPA EntityManagerFactory for persistence unit 'default'
2026-02-10 17:16:30.549  INFO 84513 --- [ionShutdownHook] .SchemaDropperImpl$DelayedDropActionImpl : HHH000477: Starting delayed evictData of schema as part of SessionFactory shut-down'
2026-02-10 17:16:30.550  INFO 84513 --- [ionShutdownHook] com.zaxxer.hikari.HikariDataSource       : HikariPool-1 - Shutdown initiated...
2026-02-10 17:16:30.553  INFO 84513 --- [ionShutdownHook] com.zaxxer.hikari.HikariDataSource       : HikariPool-1 - Shutdown completed.
[INFO] 
[INFO] Results:
[INFO] 
[INFO] Tests run: 6, Failures: 0, Errors: 0, Skipped: 0
[INFO] 
[INFO] 
[INFO] --- maven-jar-plugin:3.2.0:jar (default-jar) @ database_service_project ---
[INFO] 
[INFO] --- spring-boot-maven-plugin:2.5.6:repackage (repackage) @ database_service_project ---
[INFO] Replacing main artifact with repackaged archive
[INFO] 
[INFO] --- jacoco-maven-plugin:0.8.7:report (jacoco-site) @ database_service_project ---
[INFO] Loading execution data file /var/lib/jenkins/workspace/MB-JB-01_feature-1/target/jacoco.exec
[INFO] Analyzed bundle 'database_service_project' with 9 classes
[INFO] 
[INFO] --- maven-install-plugin:2.5.2:install (default-install) @ database_service_project ---
[INFO] Installing /var/lib/jenkins/workspace/MB-JB-01_feature-1/target/database_service_project-0.0.5-SNAPSHOT.jar to /var/lib/jenkins/.m2/repository/com/javaproject/database_service_project/0.0.5-SNAPSHOT/database_service_project-0.0.5-SNAPSHOT.jar
[INFO] Installing /var/lib/jenkins/workspace/MB-JB-01_feature-1/pom.xml to /var/lib/jenkins/.m2/repository/com/javaproject/database_service_project/0.0.5-SNAPSHOT/database_service_project-0.0.5-SNAPSHOT.pom
[INFO] ------------------------------------------------------------------------
[INFO] BUILD SUCCESS
[INFO] ------------------------------------------------------------------------
[INFO] Total time:  8.636 s
[INFO] Finished at: 2026-02-10T17:16:31Z
[INFO] ------------------------------------------------------------------------
[8mha:////4CQWr/SygieJRHNTh59ZNMoraUurt7qFsY8/3+VrgAWlAAAAox+LCAAAAAAAAP9tjTESwiAURH/iWNhaeghSZSwcK1uGxhNggghh/idAJJUn8mreQTQzVm6xs2+b93zBOgY4UtDMKhwMxs4w7yZdFssUhqujzCxdWEcYySkmVBbUq9OCgpKCJVUNKw4bhZ2jaFAn2HIr77JxEnVzTqF8Bw616Ud4QMWLOcmQvjAH2N2mPhL+PH8FMHufoG73n2rfmYKm674AAAA=[0m[Pipeline] }
[8mha:////4PaMcFiJdhAzAbdgbUNH1ZxdoFQBVnLsMmdkbfntMQ6bAAAApR+LCAAAAAAAAP9tjTEOwjAQBC9BFLSUPOLSgISEqNJabniBiY1xYt0Z2yGpeBFf4w8EIlGxxWpnm3m+YJkiHDlabA11jlLjMPjeTgsHjt3F84Atn7FhSuwNSjNI1qaeUXI2MKcoYSFgZajxnBzZDGvRqruqvCJbnXKcvoOA0ukbPKAQkzmrmL8wRthce52Yfp6/AhhDyFDu9p/avgHaAPdtvgAAAA==[0m[Pipeline] // withEnv
[8mha:////4MRuD4Pkan57I8StDsjXK0y5LcXNMK4AmvwS4TrCgFT4AAAApR+LCAAAAAAAAP9tjTEOwjAQBC9BFLSUPOLSQBEhqrRWGl5gYmOcWHfGdkgqXsTX+AMWkajYYrWzzbzesI4BThwM9poGS7Gz6N1o8sKJw3B1PGHPF+yYIjuNrZ5aVrpZsOWkYUlRwkrARlPnOFoyCbailw9ZOUmmOqeQv6OA0qo7PKEQ2ZxkSF+YA+xuo4pMP89fAczeJygPda59/QGDngHBvgAAAA==[0m[Pipeline] }
[8mha:////4HP1XRnfepjylJzikQldfF3lMFQyRauU8ps8zaKL2vBpAAAAph+LCAAAAAAAAP9tjTEOwjAQBC9BFLSUPOJCgRASSkVrueEFJjHGiXUXbAen4kV8jT9gEYmKLVY728zrDcvgoWZvsNPUWwqNxcGNJi9M7Pur44QdX7BhCuw0Sp0kt/o0o+SoYU5RwkLASlPjOFgyEdaiUw9VOUWmOkefv6OA0rZ3eEIhsjkqH78wedjcxjYw/Tx/BTANQ4Ryv821O3wAQOXhoL4AAAA=[0m[Pipeline] // stage
[8mha:////4BrCM9tdXE7DG1mpZwNqh4iEir0nRnAbz0Bg4Uwp/3qOAAAAqB+LCAAAAAAAAP9tjTEOwjAUQ3+LOrAycohUZWBBTF2jLpwgNCEkjf4vSUo6cSKuxh0IVGLCg2Vbst7zBVXwcCSvmVU4GAy9YaObdE4skR8ujhKzdGY9YSCnWKdSR1K1S+0oKlhUlLDisFbYOwoGdYQNt+IuaidQ16fo83bgUBp5gwcUPJOj8PFbZg/b6yQD4Y/zFwDzGKHcNdn2zedZvQG/kgevwgAAAA==[0m[Pipeline] stage
[8mha:////4H118qDHNnllbRxbuiXmnypE6MbmFFh+yPluWWSCtr/EAAAApx+LCAAAAAAAAP9tjTEOwjAUQ3+LOrAycohUMLAgpq5RFk4QmhDSRv+Xn5R24kRcjTvQUokJD5ZtyXqvNxSR4UTsRGOx9RhrL7rQuymJgbi9BhpEQxdRE0YKVig7KDK2WqqiZGFRlsNKwtpiHSh6dAk2stEPXQaNrjwnnrajhNybOzwhkxM5aU7fMjJsb72JhD/OXwCMXYL8sJttPz+LD27blSrCAAAA[0m[Pipeline] { (deploy)
[8mha:////4BgeWj90MSz+WpiONO6gZZ6QhMvHu3H1Q53uS3Z5lSYvAAAApR+LCAAAAAAAAP9tjTEOwjAQBC9BFLSUPOIigUSDqNJabniBiY1xYt0Z2yGpeBFf4w8EIlGxxWpnm3m+YJkiHDlabA11jlLjMPjeTgsHjt3F84Atn7FhSuwNSjNI1qaeUXI2MKcoYSFgZajxnBzZDGvRqruqvCJbnXKcvoOA0ukbPKAQkzmrmL8wRthce52Yfp6/AhhDhnK//dQuvAHlNhISvgAAAA==[0m[Pipeline] tool
[8mha:////4CUkyPp/kTuJkDA03TrFxqJczBwfBu5u3A06H5JJWi+lAAAApR+LCAAAAAAAAP9tjTEOwjAQBC9BFLSUPOIiIUSDqNJabniBiY1xYt0Z2yGpeBFf4w8EIlGxxWpnm3m+YJkiHDlabA11jlLjMPjeTgsHjt3F84Atn7FhSuwNSjNI1qaeUXI2MKcoYSFgZajxnBzZDGvRqruqvCJbnXKcvoOA0ukbPKAQkzmrmL8wRthce52Yfp6/AhhDhnK//dQuvAEioFNdvgAAAA==[0m[Pipeline] envVarsForTool
[8mha:////4OY234+UKQ85Y+ughTO8HHNW9e4hRcUcyC/yRF2zm3VTAAAApR+LCAAAAAAAAP9tjTEOwjAQBC9BFLSUPOIiIUGDqNJabniBiY1xYt0Z2yGpeBFf4w8EIlGxxWpnm3m+YJkiHDlabA11jlLjMPjeTgsHjt3F84Atn7FhSuwNSjNI1qaeUXI2MKcoYSFgZajxnBzZDGvRqruqvCJbnXKcvoOA0ukbPKAQkzmrmL8wRthce52Yfp6/AhhDhnK//dQuvAFjkUhEvgAAAA==[0m[Pipeline] tool
[8mha:////4NvbNorwR3hk9vvNIwvkX8lk1WitvMdxHKz7GrfMoSdIAAAApB+LCAAAAAAAAP9tjTEOwjAQBC9BFLSUPOIiUaRBVLRWGl5gEmPsWHeO7eBUvIiv8QcCkajYYrWzzTxfsI4Bjhw0WkW9odga9G7U88LMob86zmj5gi1TZKewUbnhTp0WbDgpWFKUsBKwUdQ6joZ0gq2w8i4rJ0lX5xTm7yCgNN0ADyjEbE4ypC9MAXa3sYtMP89fAUw+QVnvP1X7N6DCZW++AAAA[0m[Pipeline] envVarsForTool
[8mha:////4A12qy+jlmWG1+PATrl1skzZmC7P4CLbg3wPHX3la2qPAAAAqB+LCAAAAAAAAP9tjTEOwjAUQ3+LOrAycohUYoABMXWNsnCC0ISQNvq//KS0EyfiatyBlkpMeLBsS9Z7vaGIDCdiJxqLrcdYe9GF3k1JDMTtNdAgGrqImjBSsELZQZGx1VIVJQuLshxWEtYW60DRo0uwkY1+6DJodOU58bQdJeTe3OEJmZzISXP6lpFhe+tNJPxx/gJg7BLk+91sh/lZfADcLLrjwgAAAA==[0m[Pipeline] withEnv
[8mha:////4GpYU1mkDJY8yzE4tZUy+Vmmbmuh/UgTA/97ndnSy809AAAApx+LCAAAAAAAAP9tjTEOwjAUQ3+LOrAycoh0AyTE1DXKwglCE0La6P/yk9JOnIircQdaKjHhwbItWe/1hiIynIidaCy2HmPtRRd6NyUxELfXQINo6CJqwkjBCmUHRcZWS1WULCzKclhJWFusA0WPLsFGNvqhy6DRlefE03aUkHtzhydkciInzelbRobtrTeR8Mf5C4CxS5Dv9rMd5mfxAUsyu2PCAAAA[0m[Pipeline] {
[8mha:////4Cww3Bq22QeWimC04UXSE/tjHm5tVLqDkR+RcWWtyeXQAAAApB+LCAAAAAAAAP9tjTEOwjAQBC9BFLSUPOLSIRCiSmu54QUmNsaJdWdsh6TiRXyNPxCIRMUWq51t5vmCZYpw5GixNdQ5So3D4Hs7LRw4dhfPA7Z8xoYpsTcozSBZm3pGydnAnKKEhYCVocZzcmQzrEWr7qryimx1ynH6DgJKp2/wgEJM5qxi/sIYYXPtdWL6ef4KYAwZyu3uU/vwBiGBjUy+AAAA[0m[Pipeline] sh
+ mvn deploy
[INFO] Scanning for projects...
[INFO] 
[INFO] --------------< com.javaproject:database_service_project >--------------
[INFO] Building database_service_project 0.0.5-SNAPSHOT
[INFO] --------------------------------[ jar ]---------------------------------
[INFO] 
[INFO] --- jacoco-maven-plugin:0.8.7:prepare-agent (jacoco-initialize) @ database_service_project ---
[INFO] argLine set to -javaagent:/var/lib/jenkins/.m2/repository/org/jacoco/org.jacoco.agent/0.8.7/org.jacoco.agent-0.8.7-runtime.jar=destfile=/var/lib/jenkins/workspace/MB-JB-01_feature-1/target/jacoco.exec
[INFO] 
[INFO] --- maven-resources-plugin:3.2.0:resources (default-resources) @ database_service_project ---
[INFO] Using 'UTF-8' encoding to copy filtered resources.
[INFO] Using 'UTF-8' encoding to copy filtered properties files.
[INFO] Copying 1 resource
[INFO] Copying 19 resources
[INFO] 
[INFO] --- maven-compiler-plugin:3.8.1:compile (default-compile) @ database_service_project ---
[INFO] Nothing to compile - all classes are up to date
[INFO] 
[INFO] --- maven-resources-plugin:3.2.0:testResources (default-testResources) @ database_service_project ---
[INFO] Using 'UTF-8' encoding to copy filtered resources.
[INFO] Using 'UTF-8' encoding to copy filtered properties files.
[INFO] skip non existing resourceDirectory /var/lib/jenkins/workspace/MB-JB-01_feature-1/src/test/resources
[INFO] 
[INFO] --- maven-compiler-plugin:3.8.1:testCompile (default-testCompile) @ database_service_project ---
[INFO] Nothing to compile - all classes are up to date
[INFO] 
[INFO] --- maven-surefire-plugin:2.22.2:test (default-test) @ database_service_project ---
[INFO] 
[INFO] -------------------------------------------------------
[INFO]  T E S T S
[INFO] -------------------------------------------------------
[INFO] Running com.javaproject.TestDatabase
17:16:34.877 [main] DEBUG org.springframework.test.context.BootstrapUtils - Instantiating CacheAwareContextLoaderDelegate from class [org.springframework.test.context.cache.DefaultCacheAwareContextLoaderDelegate]
17:16:34.894 [main] DEBUG org.springframework.test.context.BootstrapUtils - Instantiating BootstrapContext using constructor [public org.springframework.test.context.support.DefaultBootstrapContext(java.lang.Class,org.springframework.test.context.CacheAwareContextLoaderDelegate)]
17:16:34.955 [main] DEBUG org.springframework.test.context.BootstrapUtils - Instantiating TestContextBootstrapper for test class [com.javaproject.TestDatabase] from class [org.springframework.boot.test.context.SpringBootTestContextBootstrapper]
17:16:34.977 [main] INFO org.springframework.boot.test.context.SpringBootTestContextBootstrapper - Neither @ContextConfiguration nor @ContextHierarchy found for test class [com.javaproject.TestDatabase], using SpringBootContextLoader
17:16:34.991 [main] DEBUG org.springframework.test.context.support.AbstractContextLoader - Did not detect default resource location for test class [com.javaproject.TestDatabase]: class path resource [com/javaproject/TestDatabase-context.xml] does not exist
17:16:34.992 [main] DEBUG org.springframework.test.context.support.AbstractContextLoader - Did not detect default resource location for test class [com.javaproject.TestDatabase]: class path resource [com/javaproject/TestDatabaseContext.groovy] does not exist
17:16:34.992 [main] INFO org.springframework.test.context.support.AbstractContextLoader - Could not detect default resource locations for test class [com.javaproject.TestDatabase]: no resource found for suffixes {-context.xml, Context.groovy}.
17:16:34.992 [main] INFO org.springframework.test.context.support.AnnotationConfigContextLoaderUtils - Could not detect default configuration classes for test class [com.javaproject.TestDatabase]: TestDatabase does not declare any static, non-private, non-final, nested classes annotated with @Configuration.
17:16:35.059 [main] DEBUG org.springframework.test.context.support.ActiveProfilesUtils - Could not find an 'annotation declaring class' for annotation type [org.springframework.test.context.ActiveProfiles] and class [com.javaproject.TestDatabase]
17:16:35.130 [main] DEBUG org.springframework.context.annotation.ClassPathScanningCandidateComponentProvider - Identified candidate component class: file [/var/lib/jenkins/workspace/MB-JB-01_feature-1/target/classes/com/javaproject/DatabaseServiceProjectApplication.class]
17:16:35.130 [main] INFO org.springframework.boot.test.context.SpringBootTestContextBootstrapper - Found @SpringBootConfiguration com.javaproject.DatabaseServiceProjectApplication for test class com.javaproject.TestDatabase
17:16:35.237 [main] DEBUG org.springframework.boot.test.context.SpringBootTestContextBootstrapper - @TestExecutionListeners is not present for class [com.javaproject.TestDatabase]: using defaults.
17:16:35.238 [main] INFO org.springframework.boot.test.context.SpringBootTestContextBootstrapper - Loaded default TestExecutionListener class names from location [META-INF/spring.factories]: [org.springframework.boot.test.mock.mockito.MockitoTestExecutionListener, org.springframework.boot.test.mock.mockito.ResetMocksTestExecutionListener, org.springframework.boot.test.autoconfigure.restdocs.RestDocsTestExecutionListener, org.springframework.boot.test.autoconfigure.web.client.MockRestServiceServerResetTestExecutionListener, org.springframework.boot.test.autoconfigure.web.servlet.MockMvcPrintOnlyOnFailureTestExecutionListener, org.springframework.boot.test.autoconfigure.web.servlet.WebDriverTestExecutionListener, org.springframework.boot.test.autoconfigure.webservices.client.MockWebServiceServerTestExecutionListener, org.springframework.test.context.web.ServletTestExecutionListener, org.springframework.test.context.support.DirtiesContextBeforeModesTestExecutionListener, org.springframework.test.context.event.ApplicationEventsTestExecutionListener, org.springframework.test.context.support.DependencyInjectionTestExecutionListener, org.springframework.test.context.support.DirtiesContextTestExecutionListener, org.springframework.test.context.transaction.TransactionalTestExecutionListener, org.springframework.test.context.jdbc.SqlScriptsTestExecutionListener, org.springframework.test.context.event.EventPublishingTestExecutionListener, org.springframework.security.test.context.support.WithSecurityContextTestExecutionListener, org.springframework.security.test.context.support.ReactorContextTestExecutionListener]
17:16:35.261 [main] INFO org.springframework.boot.test.context.SpringBootTestContextBootstrapper - Using TestExecutionListeners: [org.springframework.test.context.web.ServletTestExecutionListener@6150afc6, org.springframework.test.context.support.DirtiesContextBeforeModesTestExecutionListener@49f50c8f, org.springframework.test.context.event.ApplicationEventsTestExecutionListener@46e6458d, org.springframework.boot.test.mock.mockito.MockitoTestExecutionListener@6297cb4b, org.springframework.boot.test.autoconfigure.SpringBootDependencyInjectionTestExecutionListener@65d6640, org.springframework.test.context.support.DirtiesContextTestExecutionListener@672d8370, org.springframework.test.context.transaction.TransactionalTestExecutionListener@13137835, org.springframework.test.context.jdbc.SqlScriptsTestExecutionListener@4f82248f, org.springframework.test.context.event.EventPublishingTestExecutionListener@22002459, org.springframework.security.test.context.support.WithSecurityContextTestExecutionListener@29bd056a, org.springframework.security.test.context.support.ReactorContextTestExecutionListener@21e702b8, org.springframework.boot.test.mock.mockito.ResetMocksTestExecutionListener@7f1fec57, org.springframework.boot.test.autoconfigure.restdocs.RestDocsTestExecutionListener@5c9e3d01, org.springframework.boot.test.autoconfigure.web.client.MockRestServiceServerResetTestExecutionListener@1dc9f5ad, org.springframework.boot.test.autoconfigure.web.servlet.MockMvcPrintOnlyOnFailureTestExecutionListener@4a2d66e, org.springframework.boot.test.autoconfigure.web.servlet.WebDriverTestExecutionListener@4dffff9, org.springframework.boot.test.autoconfigure.webservices.client.MockWebServiceServerTestExecutionListener@2904bc56]
17:16:35.269 [main] DEBUG org.springframework.test.context.support.AbstractDirtiesContextTestExecutionListener - Before test class: context [DefaultTestContext@2d3c501b testClass = TestDatabase, testInstance = [null], testMethod = [null], testException = [null], mergedContextConfiguration = [WebMergedContextConfiguration@7b8cb283 testClass = TestDatabase, locations = '{}', classes = '{class com.javaproject.DatabaseServiceProjectApplication}', contextInitializerClasses = '[]', activeProfiles = '{}', propertySourceLocations = '{}', propertySourceProperties = '{org.springframework.boot.test.context.SpringBootTestContextBootstrapper=true}', contextCustomizers = set[[ImportsContextCustomizer@38b54694 key = [org.springframework.boot.test.autoconfigure.web.servlet.MockMvcAutoConfiguration, org.springframework.boot.test.autoconfigure.web.servlet.MockMvcWebClientAutoConfiguration, org.springframework.boot.test.autoconfigure.web.servlet.MockMvcWebDriverAutoConfiguration, org.springframework.boot.autoconfigure.security.oauth2.client.servlet.OAuth2ClientAutoConfiguration, org.springframework.boot.autoconfigure.security.oauth2.resource.servlet.OAuth2ResourceServerAutoConfiguration, org.springframework.boot.autoconfigure.security.servlet.SecurityAutoConfiguration, org.springframework.boot.autoconfigure.security.servlet.SecurityFilterAutoConfiguration, org.springframework.boot.autoconfigure.security.servlet.UserDetailsServiceAutoConfiguration, org.springframework.boot.test.autoconfigure.web.servlet.MockMvcSecurityConfiguration]], org.springframework.boot.test.context.filter.ExcludeFilterContextCustomizer@6909f6be, org.springframework.boot.test.json.DuplicateJsonObjectContextCustomizerFactory$DuplicateJsonObjectContextCustomizer@764b14b8, org.springframework.boot.test.mock.mockito.MockitoContextCustomizer@0, org.springframework.boot.test.web.client.TestRestTemplateContextCustomizer@515b9d4a, org.springframework.boot.test.autoconfigure.actuate.metrics.MetricsExportContextCustomizerFactory$DisableMetricExportContextCustomizer@43471a7e, org.springframework.boot.test.autoconfigure.properties.PropertyMappingContextCustomizer@4b3fa0b3, org.springframework.boot.test.autoconfigure.web.servlet.WebDriverContextCustomizerFactory$Customizer@27585351, org.springframework.boot.test.context.SpringBootTestArgs@1, org.springframework.boot.test.context.SpringBootTestWebEnvironment@7cbee484], resourceBasePath = 'src/main/webapp', contextLoader = 'org.springframework.boot.test.context.SpringBootContextLoader', parent = [null]], attributes = map['org.springframework.test.context.web.ServletTestExecutionListener.activateListener' -> true]], class annotated with @DirtiesContext [false] with mode [null].
17:16:35.319 [main] DEBUG org.springframework.test.context.support.TestPropertySourceUtils - Adding inlined properties to environment: {spring.jmx.enabled=false, org.springframework.boot.test.context.SpringBootTestContextBootstrapper=true}

  .   ____          _            __ _ _
 /\\ / ___'_ __ _ _(_)_ __  __ _ \ \ \ \
( ( )\___ | '_ | '_| | '_ \/ _` | \ \ \ \
 \\/  ___)| |_)| | | | | || (_| |  ) ) ) )
  '  |____| .__|_| |_|_| |_\__, | / / / /
 =========|_|==============|___/=/_/_/_/
 :: Spring Boot ::                (v2.5.6)

2026-02-10 17:16:35.637  INFO 84621 --- [           main] com.javaproject.TestDatabase             : Starting TestDatabase using Java 11.0.30 on jenkins-server with PID 84621 (started by jenkins in /var/lib/jenkins/workspace/MB-JB-01_feature-1)
2026-02-10 17:16:35.641  INFO 84621 --- [           main] com.javaproject.TestDatabase             : No active profile set, falling back to default profiles: default
2026-02-10 17:16:36.408  INFO 84621 --- [           main] .s.d.r.c.RepositoryConfigurationDelegate : Multiple Spring Data modules found, entering strict repository configuration mode!
2026-02-10 17:16:36.409  INFO 84621 --- [           main] .s.d.r.c.RepositoryConfigurationDelegate : Bootstrapping Spring Data JDBC repositories in DEFAULT mode.
2026-02-10 17:16:36.420  INFO 84621 --- [           main] .s.d.r.c.RepositoryConfigurationDelegate : Finished Spring Data repository scanning in 7 ms. Found 0 JDBC repository interfaces.
2026-02-10 17:16:36.430  INFO 84621 --- [           main] .s.d.r.c.RepositoryConfigurationDelegate : Multiple Spring Data modules found, entering strict repository configuration mode!
2026-02-10 17:16:36.431  INFO 84621 --- [           main] .s.d.r.c.RepositoryConfigurationDelegate : Bootstrapping Spring Data JPA repositories in DEFAULT mode.
2026-02-10 17:16:36.444  INFO 84621 --- [           main] .s.d.r.c.RepositoryConfigurationDelegate : Finished Spring Data repository scanning in 6 ms. Found 0 JPA repository interfaces.
2026-02-10 17:16:36.919  INFO 84621 --- [           main] com.zaxxer.hikari.HikariDataSource       : HikariPool-1 - Starting...
2026-02-10 17:16:37.146  INFO 84621 --- [           main] com.zaxxer.hikari.HikariDataSource       : HikariPool-1 - Start completed.
2026-02-10 17:16:37.345  INFO 84621 --- [           main] o.hibernate.jpa.internal.util.LogHelper  : HHH000204: Processing PersistenceUnitInfo [name: default]
2026-02-10 17:16:37.381  INFO 84621 --- [           main] org.hibernate.Version                    : HHH000412: Hibernate ORM core version 5.4.32.Final
2026-02-10 17:16:37.477  INFO 84621 --- [           main] o.hibernate.annotations.common.Version   : HCANN000001: Hibernate Commons Annotations {5.1.2.Final}
2026-02-10 17:16:37.592  INFO 84621 --- [           main] org.hibernate.dialect.Dialect            : HHH000400: Using dialect: org.hibernate.dialect.H2Dialect
2026-02-10 17:16:37.804  INFO 84621 --- [           main] o.h.e.t.j.p.i.JtaPlatformInitiator       : HHH000490: Using JtaPlatform implementation: [org.hibernate.engine.transaction.jta.platform.internal.NoJtaPlatform]
2026-02-10 17:16:37.812  INFO 84621 --- [           main] j.LocalContainerEntityManagerFactoryBean : Initialized JPA EntityManagerFactory for persistence unit 'default'
2026-02-10 17:16:37.941  WARN 84621 --- [           main] JpaBaseConfiguration$JpaWebConfiguration : spring.jpa.open-in-view is enabled by default. Therefore, database queries may be performed during view rendering. Explicitly configure spring.jpa.open-in-view to disable this warning
2026-02-10 17:16:37.984  INFO 84621 --- [           main] o.s.s.p.JdbcUserDetailsManager           : No authentication manager set. Reauthentication of users when changing passwords will not be performed.
2026-02-10 17:16:38.348  INFO 84621 --- [           main] o.s.s.web.DefaultSecurityFilterChain     : Will secure any request with [org.springframework.security.web.context.request.async.WebAsyncManagerIntegrationFilter@55f3ebad, org.springframework.security.web.context.SecurityContextPersistenceFilter@1b808b37, org.springframework.security.web.header.HeaderWriterFilter@1a88c384, org.springframework.security.web.authentication.logout.LogoutFilter@39121780, org.springframework.security.web.authentication.UsernamePasswordAuthenticationFilter@374013e, org.springframework.security.web.savedrequest.RequestCacheAwareFilter@68df3b85, org.springframework.security.web.servletapi.SecurityContextHolderAwareRequestFilter@3ec0960c, org.springframework.security.web.authentication.AnonymousAuthenticationFilter@35628dad, org.springframework.security.web.session.SessionManagementFilter@4ac6c261, org.springframework.security.web.access.ExceptionTranslationFilter@6023c97d, org.springframework.security.web.access.intercept.FilterSecurityInterceptor@7f64edc0]
2026-02-10 17:16:38.653  INFO 84621 --- [           main] o.s.b.a.h2.H2ConsoleAutoConfiguration    : H2 console available at '/h2-console'. Database available at 'jdbc:h2:mem:testdb'
2026-02-10 17:16:38.703  INFO 84621 --- [           main] o.s.b.a.w.s.WelcomePageHandlerMapping    : Adding welcome page template: index
2026-02-10 17:16:38.947  INFO 84621 --- [           main] o.s.b.t.m.w.SpringBootMockServletContext : Initializing Spring TestDispatcherServlet ''
2026-02-10 17:16:38.947  INFO 84621 --- [           main] o.s.t.web.servlet.TestDispatcherServlet  : Initializing Servlet ''
2026-02-10 17:16:38.948  INFO 84621 --- [           main] o.s.t.web.servlet.TestDispatcherServlet  : Completed initialization in 1 ms
2026-02-10 17:16:38.964  INFO 84621 --- [           main] com.javaproject.TestDatabase             : Started TestDatabase in 3.637 seconds (JVM running for 4.898)
[INFO] Tests run: 1, Failures: 0, Errors: 0, Skipped: 0, Time elapsed: 4.367 s - in com.javaproject.TestDatabase
[INFO] Running com.javaproject.TestController
2026-02-10 17:16:39.163  INFO 84621 --- [           main] .b.t.c.SpringBootTestContextBootstrapper : Neither @ContextConfiguration nor @ContextHierarchy found for test class [com.javaproject.TestController], using SpringBootContextLoader
2026-02-10 17:16:39.163  INFO 84621 --- [           main] o.s.t.c.support.AbstractContextLoader    : Could not detect default resource locations for test class [com.javaproject.TestController]: no resource found for suffixes {-context.xml, Context.groovy}.
2026-02-10 17:16:39.163  INFO 84621 --- [           main] t.c.s.AnnotationConfigContextLoaderUtils : Could not detect default configuration classes for test class [com.javaproject.TestController]: TestController does not declare any static, non-private, non-final, nested classes annotated with @Configuration.
2026-02-10 17:16:39.164  INFO 84621 --- [           main] .b.t.c.SpringBootTestContextBootstrapper : Found @SpringBootConfiguration com.javaproject.DatabaseServiceProjectApplication for test class com.javaproject.TestController
2026-02-10 17:16:39.168  INFO 84621 --- [           main] .b.t.c.SpringBootTestContextBootstrapper : Loaded default TestExecutionListener class names from location [META-INF/spring.factories]: [org.springframework.boot.test.mock.mockito.MockitoTestExecutionListener, org.springframework.boot.test.mock.mockito.ResetMocksTestExecutionListener, org.springframework.boot.test.autoconfigure.restdocs.RestDocsTestExecutionListener, org.springframework.boot.test.autoconfigure.web.client.MockRestServiceServerResetTestExecutionListener, org.springframework.boot.test.autoconfigure.web.servlet.MockMvcPrintOnlyOnFailureTestExecutionListener, org.springframework.boot.test.autoconfigure.web.servlet.WebDriverTestExecutionListener, org.springframework.boot.test.autoconfigure.webservices.client.MockWebServiceServerTestExecutionListener, org.springframework.test.context.web.ServletTestExecutionListener, org.springframework.test.context.support.DirtiesContextBeforeModesTestExecutionListener, org.springframework.test.context.event.ApplicationEventsTestExecutionListener, org.springframework.test.context.support.DependencyInjectionTestExecutionListener, org.springframework.test.context.support.DirtiesContextTestExecutionListener, org.springframework.test.context.transaction.TransactionalTestExecutionListener, org.springframework.test.context.jdbc.SqlScriptsTestExecutionListener, org.springframework.test.context.event.EventPublishingTestExecutionListener, org.springframework.security.test.context.support.WithSecurityContextTestExecutionListener, org.springframework.security.test.context.support.ReactorContextTestExecutionListener]
2026-02-10 17:16:39.169  INFO 84621 --- [           main] .b.t.c.SpringBootTestContextBootstrapper : Using TestExecutionListeners: [org.springframework.test.context.web.ServletTestExecutionListener@26bc2345, org.springframework.test.context.support.DirtiesContextBeforeModesTestExecutionListener@168d96b6, org.springframework.test.context.event.ApplicationEventsTestExecutionListener@6926c30e, org.springframework.boot.test.mock.mockito.MockitoTestExecutionListener@31eca5db, org.springframework.boot.test.autoconfigure.SpringBootDependencyInjectionTestExecutionListener@760d0ea8, org.springframework.test.context.support.DirtiesContextTestExecutionListener@ccf1ef9, org.springframework.test.context.transaction.TransactionalTestExecutionListener@53ae82dd, org.springframework.test.context.jdbc.SqlScriptsTestExecutionListener@738270e, org.springframework.test.context.event.EventPublishingTestExecutionListener@195e010f, org.springframework.security.test.context.support.WithSecurityContextTestExecutionListener@6d92fc0b, org.springframework.security.test.context.support.ReactorContextTestExecutionListener@4a8d230e, org.springframework.boot.test.mock.mockito.ResetMocksTestExecutionListener@ccb6d06, org.springframework.boot.test.autoconfigure.restdocs.RestDocsTestExecutionListener@65f453e9, org.springframework.boot.test.autoconfigure.web.client.MockRestServiceServerResetTestExecutionListener@1f7c99f8, org.springframework.boot.test.autoconfigure.web.servlet.MockMvcPrintOnlyOnFailureTestExecutionListener@3c4a5c4a, org.springframework.boot.test.autoconfigure.web.servlet.WebDriverTestExecutionListener@6b3eb598, org.springframework.boot.test.autoconfigure.webservices.client.MockWebServiceServerTestExecutionListener@2c12c80d]
return value is: 5

MockHttpServletRequest:
      HTTP Method = POST
      Request URI = /boardgameAdded
       Parameters = {name=[onecard], level=[1], minPlayers=[2], maxPlayers=[+], gameType=[Party Game]}
          Headers = []
             Body = null
    Session Attrs = {}

Handler:
             Type = com.javaproject.controllers.HomeController
           Method = com.javaproject.controllers.HomeController#boardgameAdded(BoardGame)

Async:
    Async started = false
     Async result = null

Resolved Exception:
             Type = null

ModelAndView:
        View name = redirect:/
             View = null
            Model = null

FlashMap:
       Attributes = null

MockHttpServletResponse:
           Status = 302
    Error message = null
          Headers = [Content-Language:"en", X-Content-Type-Options:"nosniff", X-XSS-Protection:"1; mode=block", Cache-Control:"no-cache, no-store, max-age=0, must-revalidate", Pragma:"no-cache", Expires:"0", Location:"/"]
     Content type = null
             Body = 
    Forwarded URL = null
   Redirected URL = /
          Cookies = []
return value is: 1
return value is: 1
[INFO] Tests run: 4, Failures: 0, Errors: 0, Skipped: 0, Time elapsed: 0.54 s - in com.javaproject.TestController
[INFO] Running com.javaproject.DatabaseServiceProjectApplicationTests
2026-02-10 17:16:39.733  INFO 84621 --- [           main] .b.t.c.SpringBootTestContextBootstrapper : Neither @ContextConfiguration nor @ContextHierarchy found for test class [com.javaproject.DatabaseServiceProjectApplicationTests], using SpringBootContextLoader
2026-02-10 17:16:39.733  INFO 84621 --- [           main] o.s.t.c.support.AbstractContextLoader    : Could not detect default resource locations for test class [com.javaproject.DatabaseServiceProjectApplicationTests]: no resource found for suffixes {-context.xml, Context.groovy}.
2026-02-10 17:16:39.734  INFO 84621 --- [           main] t.c.s.AnnotationConfigContextLoaderUtils : Could not detect default configuration classes for test class [com.javaproject.DatabaseServiceProjectApplicationTests]: DatabaseServiceProjectApplicationTests does not declare any static, non-private, non-final, nested classes annotated with @Configuration.
2026-02-10 17:16:39.736  INFO 84621 --- [           main] .b.t.c.SpringBootTestContextBootstrapper : Found @SpringBootConfiguration com.javaproject.DatabaseServiceProjectApplication for test class com.javaproject.DatabaseServiceProjectApplicationTests
2026-02-10 17:16:39.738  INFO 84621 --- [           main] .b.t.c.SpringBootTestContextBootstrapper : Loaded default TestExecutionListener class names from location [META-INF/spring.factories]: [org.springframework.boot.test.mock.mockito.MockitoTestExecutionListener, org.springframework.boot.test.mock.mockito.ResetMocksTestExecutionListener, org.springframework.boot.test.autoconfigure.restdocs.RestDocsTestExecutionListener, org.springframework.boot.test.autoconfigure.web.client.MockRestServiceServerResetTestExecutionListener, org.springframework.boot.test.autoconfigure.web.servlet.MockMvcPrintOnlyOnFailureTestExecutionListener, org.springframework.boot.test.autoconfigure.web.servlet.WebDriverTestExecutionListener, org.springframework.boot.test.autoconfigure.webservices.client.MockWebServiceServerTestExecutionListener, org.springframework.test.context.web.ServletTestExecutionListener, org.springframework.test.context.support.DirtiesContextBeforeModesTestExecutionListener, org.springframework.test.context.event.ApplicationEventsTestExecutionListener, org.springframework.test.context.support.DependencyInjectionTestExecutionListener, org.springframework.test.context.support.DirtiesContextTestExecutionListener, org.springframework.test.context.transaction.TransactionalTestExecutionListener, org.springframework.test.context.jdbc.SqlScriptsTestExecutionListener, org.springframework.test.context.event.EventPublishingTestExecutionListener, org.springframework.security.test.context.support.WithSecurityContextTestExecutionListener, org.springframework.security.test.context.support.ReactorContextTestExecutionListener]
2026-02-10 17:16:39.740  INFO 84621 --- [           main] .b.t.c.SpringBootTestContextBootstrapper : Using TestExecutionListeners: [org.springframework.test.context.web.ServletTestExecutionListener@57192c5, org.springframework.test.context.support.DirtiesContextBeforeModesTestExecutionListener@2b29a003, org.springframework.test.context.event.ApplicationEventsTestExecutionListener@2651016b, org.springframework.boot.test.mock.mockito.MockitoTestExecutionListener@6e481f54, org.springframework.boot.test.autoconfigure.SpringBootDependencyInjectionTestExecutionListener@67265fe2, org.springframework.test.context.support.DirtiesContextTestExecutionListener@169c2bd, org.springframework.test.context.transaction.TransactionalTestExecutionListener@2f9dc1a2, org.springframework.test.context.jdbc.SqlScriptsTestExecutionListener@181d9ba, org.springframework.test.context.event.EventPublishingTestExecutionListener@540d4f27, org.springframework.security.test.context.support.WithSecurityContextTestExecutionListener@1b3e1331, org.springframework.security.test.context.support.ReactorContextTestExecutionListener@5aef5125, org.springframework.boot.test.mock.mockito.ResetMocksTestExecutionListener@55ac1fcb, org.springframework.boot.test.autoconfigure.restdocs.RestDocsTestExecutionListener@6be6162e, org.springframework.boot.test.autoconfigure.web.client.MockRestServiceServerResetTestExecutionListener@aa27f8, org.springframework.boot.test.autoconfigure.web.servlet.MockMvcPrintOnlyOnFailureTestExecutionListener@20ec28b1, org.springframework.boot.test.autoconfigure.web.servlet.WebDriverTestExecutionListener@158b2920, org.springframework.boot.test.autoconfigure.webservices.client.MockWebServiceServerTestExecutionListener@4e870ad9]
[INFO] Tests run: 1, Failures: 0, Errors: 0, Skipped: 0, Time elapsed: 0.019 s - in com.javaproject.DatabaseServiceProjectApplicationTests
2026-02-10 17:16:39.823  INFO 84621 --- [ionShutdownHook] j.LocalContainerEntityManagerFactoryBean : Closing JPA EntityManagerFactory for persistence unit 'default'
2026-02-10 17:16:39.825  INFO 84621 --- [ionShutdownHook] .SchemaDropperImpl$DelayedDropActionImpl : HHH000477: Starting delayed evictData of schema as part of SessionFactory shut-down'
2026-02-10 17:16:39.828  INFO 84621 --- [ionShutdownHook] com.zaxxer.hikari.HikariDataSource       : HikariPool-1 - Shutdown initiated...
2026-02-10 17:16:39.833  INFO 84621 --- [ionShutdownHook] com.zaxxer.hikari.HikariDataSource       : HikariPool-1 - Shutdown completed.
[INFO] 
[INFO] Results:
[INFO] 
[INFO] Tests run: 6, Failures: 0, Errors: 0, Skipped: 0
[INFO] 
[INFO] 
[INFO] --- maven-jar-plugin:3.2.0:jar (default-jar) @ database_service_project ---
[INFO] 
[INFO] --- spring-boot-maven-plugin:2.5.6:repackage (repackage) @ database_service_project ---
[INFO] Replacing main artifact with repackaged archive
[INFO] 
[INFO] --- jacoco-maven-plugin:0.8.7:report (jacoco-site) @ database_service_project ---
[INFO] Loading execution data file /var/lib/jenkins/workspace/MB-JB-01_feature-1/target/jacoco.exec
[INFO] Analyzed bundle 'database_service_project' with 9 classes
[INFO] 
[INFO] --- maven-install-plugin:2.5.2:install (default-install) @ database_service_project ---
[INFO] Installing /var/lib/jenkins/workspace/MB-JB-01_feature-1/target/database_service_project-0.0.5-SNAPSHOT.jar to /var/lib/jenkins/.m2/repository/com/javaproject/database_service_project/0.0.5-SNAPSHOT/database_service_project-0.0.5-SNAPSHOT.jar
[INFO] Installing /var/lib/jenkins/workspace/MB-JB-01_feature-1/pom.xml to /var/lib/jenkins/.m2/repository/com/javaproject/database_service_project/0.0.5-SNAPSHOT/database_service_project-0.0.5-SNAPSHOT.pom
[INFO] 
[INFO] --- maven-deploy-plugin:2.8.2:deploy (default-deploy) @ database_service_project ---
Downloading from maven-snapshots: http://13.127.177.61:8081/repository/maven-snapshots/com/javaproject/database_service_project/0.0.5-SNAPSHOT/maven-metadata.xml
[WARNING] Could not transfer metadata com.javaproject:database_service_project:0.0.5-SNAPSHOT/maven-metadata.xml from/to maven-snapshots (http://13.127.177.61:8081/repository/maven-snapshots/): Connect to 13.127.177.61:8081 [/13.127.177.61] failed: Connection timed out (Connection timed out)
[INFO] ------------------------------------------------------------------------
[INFO] BUILD FAILURE
[INFO] ------------------------------------------------------------------------
[INFO] Total time:  02:20 min
[INFO] Finished at: 2026-02-10T17:18:53Z
[INFO] ------------------------------------------------------------------------
[ERROR] Failed to execute goal org.apache.maven.plugins:maven-deploy-plugin:2.8.2:deploy (default-deploy) on project database_service_project: Failed to retrieve remote metadata com.javaproject:database_service_project:0.0.5-SNAPSHOT/maven-metadata.xml: Could not transfer metadata com.javaproject:database_service_project:0.0.5-SNAPSHOT/maven-metadata.xml from/to maven-snapshots (http://13.127.177.61:8081/repository/maven-snapshots/): Connect to 13.127.177.61:8081 [/13.127.177.61] failed: Connection timed out (Connection timed out) -> [Help 1]
[ERROR] 
[ERROR] To see the full stack trace of the errors, re-run Maven with the -e switch.
[ERROR] Re-run Maven using the -X switch to enable full debug logging.
[ERROR] 
[ERROR] For more information about the errors and possible solutions, please read the following articles:
[ERROR] [Help 1] http://cwiki.apache.org/confluence/display/MAVEN/MojoExecutionException
[8mha:////4LOpf6Rid89Y6zamEJnEdDY0qXUbgYxnHWFkiOWDiXA5AAAApR+LCAAAAAAAAP9tjTEOwjAQBC9BFLSUPOJCBUgoFa3lhheYxBgn1l2wHZyKF/E1/oBFJCq2WO1sM683LIOHmr3BTlNvKTQWBzeavDCx76+OE3Z8wYYpsNModZLc6tOMkqOGOUUJCwErTY3jYMlEWItOPVTlFJnqHH3+jgJK297hCYXI5qh8/MLkYXMb28D08/wVwDQMEcr9Ntfu8AF2jKA0vgAAAA==[0m[Pipeline] }
[8mha:////4NH6SE9RYAVZUbPFbMQRJIAw6VSBlLZYCDKygt60afZmAAAApR+LCAAAAAAAAP9tjTEOwjAQBC9BFLSUPOIiGlIgqrRWGl5gYmOcWHfGdkgqXsTX+AMWkajYYrWzzbzesI4BThwM9poGS7Gz6N1o8sKJw3B1PGHPF+yYIjuNrZ5aVrpZsOWkYUlRwkrARlPnOFoyCbailw9ZOUmmOqeQv6OA0qo7PKEQ2ZxkSF+YA+xuo4pMP89fAczeJyjrfa5D/QFCQkNvvgAAAA==[0m[Pipeline] // withEnv
[8mha:////4BgnwHyKz+xUBYG/2g7dtG+I7w+HHRxXaRy2BxHwJ7q1AAAApR+LCAAAAAAAAP9tjTEOwjAQBC9BFLSUPOIipYACUaW10vACExvjxLoztkNS8SK+xh+wiETFFqudbeb1hnUMcOJgsNc0WIqdRe9GkxdOHIar4wl7vmDHFNlpbPXUstLNgi0nDUuKElYCNpo6x9GSSbAVvXzIykky1TmF/B0FlFbd4QmFyOYkQ/rCHGB3G1Vk+nn+CmD2PkF5qHPt6w9jxL2ZvgAAAA==[0m[Pipeline] }
[8mha:////4GRwPGJZy7+Z0pizcmOD7yhpaanAC4HoLHRFd5cJ5OxmAAAAph+LCAAAAAAAAP9tjTEOwjAQBC9BFLSUPOIihAQFSkVrueEFJjHGiXUXbAen4kV8jT9gEYmKLVY728zrDcvgoWZvsNPUWwqNxcGNJi9M7Pur44QdX7BhCuw0Sp0kt/o0o+SoYU5RwkLASlPjOFgyEdaiUw9VOUWmOkefv6OA0rZ3eEIhsjkqH78wedjcxjYw/Tx/BTANQ4TysMu1334AfEboy74AAAA=[0m[Pipeline] // stage
[8mha:////4JV8YKIQ7qHwT0xrRmddpNI/4uxw7OIxu93WQN8CLULaAAAAph+LCAAAAAAAAP9tjTEOwjAQBC9BFLSUPOIiEBIFSkVrueEFJjHGiXUXbAen4kV8jT9gEYmKLVY728zrDcvgoWZvsNPUWwqNxcGNJi9M7Pur44QdX7BhCuw0Sp0kt/o0o+SoYU5RwkLASlPjOFgyEdaiUw9VOUWmOkefv6OA0rZ3eEIhsjkqH78wedjcxjYw/Tx/BTANQ4TysM+1234AwLOBsr4AAAA=[0m[Pipeline] }
[8mha:////4AXfBilG+/L3b6EJx8Uf8PoAn/oPvZanAk5IjfWGCMAXAAAAph+LCAAAAAAAAP9tjTEOwjAQBC9BFLSUPOKCkBAFSkVrueEFJjHGiXUXbAen4kV8jT9gEYmKLVY728zrDcvgoWZvsNPUWwqNxcGNJi9M7Pur44QdX7BhCuw0Sp0kt/o0o+SoYU5RwkLASlPjOFgyEdaiUw9VOUWmOkefv6OA0rZ3eEIhsjkqH78wedjcxjYw/Tx/BTANQ4TysM+1234A81DaDr4AAAA=[0m[Pipeline] // withEnv
[8mha:////4NEKsC4f6p4A2i/NTf3tA0RlpIJnj+SeQzvxtUhsayhgAAAApR+LCAAAAAAAAP9tjTEOwjAQBC9BFLSUPOKiNFAgqrRWGl5gYmOcWHfGdkgqXsTX+AMWkajYYrWzzbzesI4BThwM9poGS7Gz6N1o8sKJw3B1PGHPF+yYIjuNrZ5aVrpZsOWkYUlRwkrARlPnOFoyCbailw9ZOUmmOqeQv6OA0qo7PKEQ2ZxkSF+YA+xuo4pMP89fAczeJygP+1x1/QEIQWTUvgAAAA==[0m[Pipeline] }
[8mha:////4NNn5zzej7X3pD5Dcx0T0gNfqKBhaImDYD5xHl8ryIohAAAApB+LCAAAAAAAAP9tjTEOwjAQBC9BFLSUPOICVQpEldZKwwtMbIwT687YDknFi/gaf8AiEhVbrHa2mdcb1jHAiYPBXtNgKXYWvRtNXjhxGK6OJ+z5gh1TZKex1VPLSjcLtpw0LClKWAnYaOocR0smwVb08iErJ8lU5xTydxRQWnWHJxQim5MM6QtzgN1tVJHp5/krgNn7BGVd5zrsPzuiP2i+AAAA[0m[Pipeline] // withEnv
[8mha:////4EidKgcGAHuScLTRPeegqbcFn/J4mz9jXxHN6g6mPlsjAAAApB+LCAAAAAAAAP9tjTEOwjAQBDdBFLSUPMJpkEBCVLRWGl5gEmOcWHfBvpBUvIiv8QciIlGx1c4083pjmSKOHJ1qLLWeUuVVF3o3PTVwbK+BB9XwRVVMiYNVpR1Kru1pxpLFYl6WY6GxslQFTp6cYK0b8zBFMOSKs8TJHTRyX9/xRKanspgoXxgjNre+Tky/zt8Axq4T5Lu9INt+AFmDbDS9AAAA[0m[Pipeline] }
[8mha:////4DE/bkVXXPFSW0ZcqNhNWDe3LUxyP5e5nrMa1E5c7gp4AAAApB+LCAAAAAAAAP9tjTEOwjAQBDdBFLSUPMIpKBBCVLRWGl5gEmOcWHfBvpBUvIiv8QciIlGx1c4083pjmSKOHJ1qLLWeUuVVF3o3PTVwbK+BB9XwRVVMiYNVpR1Kru1pxpLFYl6WY6GxslQFTp6cYK0b8zBFMOSKs8TJHTRyX9/xRKanspgoXxgjNre+Tky/zt8Axq4T5Lu9INt+AEo/aJe9AAAA[0m[Pipeline] // node
[8mha:////4D/VcNNXtwrvhKtk5a3+6C5VqhsHfNhsTDl4CFXjj3niAAAAox+LCAAAAAAAAP9tjTEOwjAQBDdBFLSUPMJBVEiIitZKwwtMYowT6y7YF5KKF/E1/kBEJCq22plmXm8sU8SRo1ONpdZTqrzqQu+mpwaO7TXwoBq+qIopcbCqtEPJtT3NWLJYzMtyLDRWlqrAyZMTrHVjHqYIhlxxlji5g0bu6zueyPRUFhPlC2PE5tbXienX+RvA2HWCfL8VZLsPeN8pHL0AAAA=[0m[Pipeline] End of Pipeline
ERROR: script returned exit code 1
Finished: FAILURE
